<?xml version="1.0" encoding="UTF-8"?>
<robot generator="Robot 4.0 (Python 3.8.10 on linux)" generated="20210911 23:04:02.637" rpa="false" schemaversion="2">
<suite id="s1" name="CreateCharacters" source="/home/edson/workspace/courses/qa_ninja/robot_framework/marvel_api/CreateCharacters.robot">
<test id="s1-t1" name="Deve cadasrar um personagem">
<kw name="Create Dictionary" library="BuiltIn">
<var>&amp;{usuario}</var>
<arg>email=edsonj82@gmail.com</arg>
<doc>Creates and returns a dictionary based on the given ``items``.</doc>
<msg timestamp="20210911 23:04:02.847" level="INFO">&amp;{usuario} = { email=edsonj82@gmail.com }</msg>
<status status="PASS" starttime="20210911 23:04:02.846" endtime="20210911 23:04:02.847"/>
</kw>
<kw name="POST" library="RequestsLibrary">
<var>${response}</var>
<arg>http://marvel.qaninja.academy/accounts</arg>
<arg>json=${usuario}</arg>
<doc>Sends a POST request.</doc>
<msg timestamp="20210911 23:04:04.494" level="INFO">POST Request : url=http://marvel.qaninja.academy/accounts 
 path_url=/accounts 
 headers={'User-Agent': 'python-requests/2.22.0', 'Accept-Encoding': 'gzip, deflate', 'Accept': '*/*', 'Connection': 'keep-alive', 'Content-Length': '31', 'Content-Type': 'application/json'} 
 body=b'{"email": "edsonj82@gmail.com"}' 
 </msg>
<msg timestamp="20210911 23:04:04.495" level="INFO">POST Response : url=http://marvel.qaninja.academy/accounts 
 status=200, reason=OK 
 headers={'Server': 'Cowboy', 'Connection': 'keep-alive', 'X-Powered-By': 'Express', 'Access-Control-Allow-Origin': '*', 'Content-Type': 'application/json; charset=utf-8', 'Content-Length': '41', 'Etag': 'W/"29-wEcYAGP9/Qkccwz1IsJjIsTH07Y"', 'Date': 'Sun, 12 Sep 2021 02:04:04 GMT', 'Via': '1.1 vegur'} 
 body={"client_key":"613d4f82f2ac8700162fe767"} 
 </msg>
<msg timestamp="20210911 23:04:04.495" level="INFO">${response} = &lt;Response [200]&gt;</msg>
<status status="PASS" starttime="20210911 23:04:02.847" endtime="20210911 23:04:04.495"/>
</kw>
<status status="PASS" starttime="20210911 23:04:02.845" endtime="20210911 23:04:04.496"/>
</test>
<doc>Suite de Teste do cadastro de personagens na API da Marvel</doc>
<status status="PASS" starttime="20210911 23:04:02.638" endtime="20210911 23:04:04.498"/>
</suite>
<statistics>
<total>
<stat pass="1" fail="0" skip="0">All Tests</stat>
</total>
<tag>
</tag>
<suite>
<stat pass="1" fail="0" skip="0" id="s1" name="CreateCharacters">CreateCharacters</stat>
</suite>
</statistics>
<errors>
</errors>
</robot>
