<?xml version="1.0" encoding="UTF-8"?>
<robot generator="Robot 4.0 (Python 3.8.10 on linux)" generated="20210914 23:10:15.505" rpa="false" schemaversion="2">
<suite id="s1" name="SearchCharacters" source="/home/edson/workspace/courses/qa_ninja/robot_framework/marvel_api/specs/SearchCharacters.robot">
<kw name="Super Setup" library="base" type="SETUP">
<arg>edsonj82@outlook.com</arg>
<kw name="Set Client Key" library="base">
<arg>${email}</arg>
<kw name="Create Dictionary" library="BuiltIn">
<var>&amp;{usuario}</var>
<arg>email=${email}</arg>
<doc>Creates and returns a dictionary based on the given ``items``.</doc>
<msg timestamp="20210914 23:10:15.623" level="INFO">&amp;{usuario} = { email=edsonj82@outlook.com }</msg>
<status status="PASS" starttime="20210914 23:10:15.623" endtime="20210914 23:10:15.623"/>
</kw>
<kw name="POST" library="RequestsLibrary">
<var>${response}</var>
<arg>${BASE_URL}/accounts</arg>
<arg>json=${usuario}</arg>
<doc>Sends a POST request.</doc>
<msg timestamp="20210914 23:10:19.492" level="INFO">POST Request : url=http://marvel.qaninja.academy/accounts 
 path_url=/accounts 
 headers={'User-Agent': 'python-requests/2.22.0', 'Accept-Encoding': 'gzip, deflate', 'Accept': '*/*', 'Connection': 'keep-alive', 'Content-Length': '33', 'Content-Type': 'application/json'} 
 body=b'{"email": "edsonj82@outlook.com"}' 
 </msg>
<msg timestamp="20210914 23:10:19.492" level="INFO">POST Response : url=http://marvel.qaninja.academy/accounts 
 status=200, reason=OK 
 headers={'Server': 'Cowboy', 'Connection': 'keep-alive', 'X-Powered-By': 'Express', 'Access-Control-Allow-Origin': '*', 'Content-Type': 'application/json; charset=utf-8', 'Content-Length': '41', 'Etag': 'W/"29-7EWhJHPjImME9IhXOyrOFKNqdqw"', 'Date': 'Wed, 15 Sep 2021 02:10:19 GMT', 'Via': '1.1 vegur'} 
 body={"client_key":"6140079596b3b20016b70379"} 
 </msg>
<msg timestamp="20210914 23:10:19.493" level="INFO">${response} = &lt;Response [200]&gt;</msg>
<status status="PASS" starttime="20210914 23:10:15.624" endtime="20210914 23:10:19.493"/>
</kw>
<kw name="Set Variable" library="BuiltIn">
<var>${client_key}</var>
<arg>${response.json()}[client_key]</arg>
<doc>Returns the given values which can then be assigned to a variables.</doc>
<msg timestamp="20210914 23:10:19.495" level="INFO">${client_key} = 6140079596b3b20016b70379</msg>
<status status="PASS" starttime="20210914 23:10:19.493" endtime="20210914 23:10:19.496"/>
</kw>
<kw name="Create Dictionary" library="BuiltIn">
<var>&amp;{HEADERS}</var>
<arg>client_key=${client_key}</arg>
<doc>Creates and returns a dictionary based on the given ``items``.</doc>
<msg timestamp="20210914 23:10:19.497" level="INFO">&amp;{HEADERS} = { client_key=6140079596b3b20016b70379 }</msg>
<status status="PASS" starttime="20210914 23:10:19.496" endtime="20210914 23:10:19.498"/>
</kw>
<kw name="Set Suite Variable" library="BuiltIn">
<arg>${HEADERS}</arg>
<doc>Makes a variable available everywhere within the scope of the current suite.</doc>
<msg timestamp="20210914 23:10:19.499" level="INFO">${HEADERS} = {'client_key': '6140079596b3b20016b70379'}</msg>
<status status="PASS" starttime="20210914 23:10:19.498" endtime="20210914 23:10:19.499"/>
</kw>
<status status="PASS" starttime="20210914 23:10:15.622" endtime="20210914 23:10:19.499"/>
</kw>
<kw name="Back To The Past" library="base">
<kw name="DELETE" library="RequestsLibrary">
<arg>${BASE_URL}/delorean</arg>
<arg>headers=${HEADERS}</arg>
<doc>Sends a DELETE request.</doc>
<msg timestamp="20210914 23:10:19.870" level="INFO">DELETE Request : url=http://marvel.qaninja.academy/delorean 
 path_url=/delorean 
 headers={'User-Agent': 'python-requests/2.22.0', 'Accept-Encoding': 'gzip, deflate', 'Accept': '*/*', 'Connection': 'keep-alive', 'client_key': '6140079596b3b20016b70379', 'Content-Length': '0'} 
 body=None 
 </msg>
<msg timestamp="20210914 23:10:19.870" level="INFO">DELETE Response : url=http://marvel.qaninja.academy/delorean 
 status=200, reason=OK 
 headers={'Server': 'Cowboy', 'Connection': 'keep-alive', 'X-Powered-By': 'Express', 'Access-Control-Allow-Origin': '*', 'Content-Type': 'application/json; charset=utf-8', 'Content-Length': '31', 'Etag': 'W/"1f-ImqlboUfbv1n1FbEV48J/4RvhGg"', 'Date': 'Wed, 15 Sep 2021 02:10:19 GMT', 'Via': '1.1 vegur'} 
 body={"message":"Avengers Assemble"} 
 </msg>
<status status="PASS" starttime="20210914 23:10:19.500" endtime="20210914 23:10:19.870"/>
</kw>
<status status="PASS" starttime="20210914 23:10:19.499" endtime="20210914 23:10:19.871"/>
</kw>
<status status="PASS" starttime="20210914 23:10:15.621" endtime="20210914 23:10:19.871"/>
</kw>
<test id="s1-t1" name="Deve buscar um personagem pelo Id">
<kw name="Factory Logan" library="Xmen">
<var>${personagem}</var>
<msg timestamp="20210914 23:10:19.873" level="INFO">${personagem} = {'name': 'Logan', 'aliases': 'Wolverine', 'age': 100, 'team': 'X-Men', 'active': True}</msg>
<status status="PASS" starttime="20210914 23:10:19.873" endtime="20210914 23:10:19.873"/>
</kw>
<kw name="POST New Character" library="characters">
<var>${logan}</var>
<arg>${personagem}</arg>
<kw name="POST" library="RequestsLibrary">
<var>${response}</var>
<arg>${BASE_URL}/characters</arg>
<arg>json=${payload}</arg>
<arg>headers=${HEADERS}</arg>
<arg>expected_status=any</arg>
<doc>Sends a POST request.</doc>
<msg timestamp="20210914 23:10:21.340" level="INFO">POST Request : url=http://marvel.qaninja.academy/characters 
 path_url=/characters 
 headers={'User-Agent': 'python-requests/2.22.0', 'Accept-Encoding': 'gzip, deflate', 'Accept': '*/*', 'Connection': 'keep-alive', 'client_key': '6140079596b3b20016b70379', 'Content-Length': '86', 'Content-Type': 'application/json'} 
 body=b'{"name": "Logan", "aliases": "Wolverine", "age": 100, "team": "X-Men", "active": true}' 
 </msg>
<msg timestamp="20210914 23:10:21.340" level="INFO">POST Response : url=http://marvel.qaninja.academy/characters 
 status=200, reason=OK 
 headers={'Server': 'Cowboy', 'Connection': 'keep-alive', 'X-Powered-By': 'Express', 'Access-Control-Allow-Origin': '*', 'Content-Type': 'application/json; charset=utf-8', 'Content-Length': '145', 'Etag': 'W/"91-HK2pVmIDY2aGRYAXgik2FvlE9Ew"', 'Date': 'Wed, 15 Sep 2021 02:10:21 GMT', 'Via': '1.1 vegur'} 
 body={"_id":"6141560dad940f0016da7b95","name":"Logan","age":100,"aliases":"Wolverine","team":"X-Men","active":true,"owner":"6140079596b3b20016b70379"} 
 </msg>
<msg timestamp="20210914 23:10:21.341" level="INFO">${response} = &lt;Response [200]&gt;</msg>
<status status="PASS" starttime="20210914 23:10:19.875" endtime="20210914 23:10:21.341"/>
</kw>
<msg timestamp="20210914 23:10:21.342" level="INFO">${logan} = &lt;Response [200]&gt;</msg>
<status status="PASS" starttime="20210914 23:10:19.874" endtime="20210914 23:10:21.342"/>
</kw>
<kw name="Set Variable" library="BuiltIn">
<var>${logan_id}</var>
<arg>${logan.json()}[_id]</arg>
<doc>Returns the given values which can then be assigned to a variables.</doc>
<msg timestamp="20210914 23:10:21.345" level="INFO">${logan_id} = 6141560dad940f0016da7b95</msg>
<status status="PASS" starttime="20210914 23:10:21.342" endtime="20210914 23:10:21.345"/>
</kw>
<kw name="GET Character By Id" library="characters">
<var>${response}</var>
<arg>${logan_id}</arg>
<kw name="GET" library="RequestsLibrary">
<var>${response}</var>
<arg>${BASE_URL}/characters/${character_id}</arg>
<arg>headers=${HEADERS}</arg>
<arg>expected_status=any</arg>
<doc>Sends a GET request.</doc>
<msg timestamp="20210914 23:10:21.751" level="INFO">GET Request : url=http://marvel.qaninja.academy/characters/6141560dad940f0016da7b95 
 path_url=/characters/6141560dad940f0016da7b95 
 headers={'User-Agent': 'python-requests/2.22.0', 'Accept-Encoding': 'gzip, deflate', 'Accept': '*/*', 'Connection': 'keep-alive', 'client_key': '6140079596b3b20016b70379'} 
 body=None 
 </msg>
<msg timestamp="20210914 23:10:21.752" level="INFO">GET Response : url=http://marvel.qaninja.academy/characters/6141560dad940f0016da7b95 
 status=200, reason=OK 
 headers={'Server': 'Cowboy', 'Connection': 'keep-alive', 'X-Powered-By': 'Express', 'Access-Control-Allow-Origin': '*', 'Content-Type': 'application/json; charset=utf-8', 'Content-Length': '145', 'Etag': 'W/"91-HK2pVmIDY2aGRYAXgik2FvlE9Ew"', 'Date': 'Wed, 15 Sep 2021 02:10:21 GMT', 'Via': '1.1 vegur'} 
 body={"_id":"6141560dad940f0016da7b95","name":"Logan","age":100,"aliases":"Wolverine","team":"X-Men","active":true,"owner":"6140079596b3b20016b70379"} 
 </msg>
<msg timestamp="20210914 23:10:21.752" level="INFO">${response} = &lt;Response [200]&gt;</msg>
<status status="PASS" starttime="20210914 23:10:21.347" endtime="20210914 23:10:21.752"/>
</kw>
<msg timestamp="20210914 23:10:21.753" level="INFO">${response} = &lt;Response [200]&gt;</msg>
<status status="PASS" starttime="20210914 23:10:21.346" endtime="20210914 23:10:21.753"/>
</kw>
<kw name="Status Should Be" library="RequestsLibrary">
<arg>200</arg>
<arg>${response}</arg>
<doc>Fails if response status code is different than the expected.</doc>
<status status="PASS" starttime="20210914 23:10:21.754" endtime="20210914 23:10:21.755"/>
</kw>
<kw name="Should Be Equal" library="BuiltIn">
<arg>${logan.json()}[name]</arg>
<arg>${personagem}[name]</arg>
<doc>Fails if the given objects are unequal.</doc>
<status status="PASS" starttime="20210914 23:10:21.755" endtime="20210914 23:10:21.758"/>
</kw>
<kw name="Should Be Equal" library="BuiltIn">
<arg>${logan.json()}[aliases]</arg>
<arg>${personagem}[aliases]</arg>
<doc>Fails if the given objects are unequal.</doc>
<status status="PASS" starttime="20210914 23:10:21.759" endtime="20210914 23:10:21.762"/>
</kw>
<kw name="Should Be Equal" library="BuiltIn">
<arg>${logan.json()}[age]</arg>
<arg>${personagem}[age]</arg>
<doc>Fails if the given objects are unequal.</doc>
<status status="PASS" starttime="20210914 23:10:21.762" endtime="20210914 23:10:21.765"/>
</kw>
<kw name="Should Be Equal" library="BuiltIn">
<arg>${logan.json()}[team]</arg>
<arg>${personagem}[team]</arg>
<doc>Fails if the given objects are unequal.</doc>
<status status="PASS" starttime="20210914 23:10:21.765" endtime="20210914 23:10:21.766"/>
</kw>
<kw name="Should Be Equal" library="BuiltIn">
<arg>${logan.json()}[active]</arg>
<arg>${personagem}[active]</arg>
<doc>Fails if the given objects are unequal.</doc>
<status status="PASS" starttime="20210914 23:10:21.767" endtime="20210914 23:10:21.769"/>
</kw>
<status status="PASS" starttime="20210914 23:10:19.871" endtime="20210914 23:10:21.769"/>
</test>
<doc>Suite de Teste de busca de personagens na API da Marvel</doc>
<status status="PASS" starttime="20210914 23:10:15.507" endtime="20210914 23:10:21.770"/>
</suite>
<statistics>
<total>
<stat pass="1" fail="0" skip="0">All Tests</stat>
</total>
<tag>
</tag>
<suite>
<stat pass="1" fail="0" skip="0" id="s1" name="SearchCharacters">SearchCharacters</stat>
</suite>
</statistics>
<errors>
</errors>
</robot>
