<?xml version="1.0" encoding="UTF-8"?>
<robot generator="Robot 4.0 (Python 3.8.10 on linux)" generated="20210912 22:26:13.105" rpa="false" schemaversion="2">
<suite id="s1" name="CreateCharacters" source="/home/edson/workspace/courses/qa_ninja/robot_framework/marvel_api/specs/CreateCharacters.robot">
<kw name="Set Client Key" library="base" type="SETUP">
<arg>edsonj82@gmail.com</arg>
<kw name="Create Dictionary" library="BuiltIn">
<var>&amp;{usuario}</var>
<arg>email=${email}</arg>
<doc>Creates and returns a dictionary based on the given ``items``.</doc>
<msg timestamp="20210912 22:26:13.350" level="INFO">&amp;{usuario} = { email=edsonj82@gmail.com }</msg>
<status status="PASS" starttime="20210912 22:26:13.349" endtime="20210912 22:26:13.350"/>
</kw>
<kw name="POST" library="RequestsLibrary">
<var>${response}</var>
<arg>${BASE_URL}/accounts</arg>
<arg>json=${usuario}</arg>
<doc>Sends a POST request.</doc>
<msg timestamp="20210912 22:26:14.021" level="INFO">POST Request : url=http://marvel.qaninja.academy/accounts 
 path_url=/accounts 
 headers={'User-Agent': 'python-requests/2.22.0', 'Accept-Encoding': 'gzip, deflate', 'Accept': '*/*', 'Connection': 'keep-alive', 'Content-Length': '31', 'Content-Type': 'application/json'} 
 body=b'{"email": "edsonj82@gmail.com"}' 
 </msg>
<msg timestamp="20210912 22:26:14.021" level="INFO">POST Response : url=http://marvel.qaninja.academy/accounts 
 status=200, reason=OK 
 headers={'Server': 'Cowboy', 'Connection': 'keep-alive', 'X-Powered-By': 'Express', 'Access-Control-Allow-Origin': '*', 'Content-Type': 'application/json; charset=utf-8', 'Content-Length': '41', 'Etag': 'W/"29-wEcYAGP9/Qkccwz1IsJjIsTH07Y"', 'Date': 'Mon, 13 Sep 2021 01:26:13 GMT', 'Via': '1.1 vegur'} 
 body={"client_key":"613d4f82f2ac8700162fe767"} 
 </msg>
<msg timestamp="20210912 22:26:14.022" level="INFO">${response} = &lt;Response [200]&gt;</msg>
<status status="PASS" starttime="20210912 22:26:13.351" endtime="20210912 22:26:14.022"/>
</kw>
<kw name="Set Variable" library="BuiltIn">
<var>${client_key}</var>
<arg>${response.json()}[client_key]</arg>
<doc>Returns the given values which can then be assigned to a variables.</doc>
<msg timestamp="20210912 22:26:14.025" level="INFO">${client_key} = 613d4f82f2ac8700162fe767</msg>
<status status="PASS" starttime="20210912 22:26:14.023" endtime="20210912 22:26:14.025"/>
</kw>
<kw name="Create Dictionary" library="BuiltIn">
<var>&amp;{HEADERS}</var>
<arg>client_key=${client_key}</arg>
<doc>Creates and returns a dictionary based on the given ``items``.</doc>
<msg timestamp="20210912 22:26:14.026" level="INFO">&amp;{HEADERS} = { client_key=613d4f82f2ac8700162fe767 }</msg>
<status status="PASS" starttime="20210912 22:26:14.025" endtime="20210912 22:26:14.026"/>
</kw>
<kw name="Set Suite Variable" library="BuiltIn">
<arg>${HEADERS}</arg>
<doc>Makes a variable available everywhere within the scope of the current suite.</doc>
<msg timestamp="20210912 22:26:14.028" level="INFO">${HEADERS} = {'client_key': '613d4f82f2ac8700162fe767'}</msg>
<status status="PASS" starttime="20210912 22:26:14.027" endtime="20210912 22:26:14.028"/>
</kw>
<status status="PASS" starttime="20210912 22:26:13.349" endtime="20210912 22:26:14.028"/>
</kw>
<test id="s1-t1" name="Deve cadasrar um personagem">
<kw name="Factory Mv" library="Mv">
<var>&amp;{personagem}</var>
<msg timestamp="20210912 22:26:14.030" level="INFO">&amp;{personagem} = { name=Wesley Carter | aliases=Thanos | age=3000 | team=Ordem Negra | active=False }</msg>
<status status="PASS" starttime="20210912 22:26:14.029" endtime="20210912 22:26:14.030"/>
</kw>
<kw name="POST New Character" library="characters">
<var>${response}</var>
<arg>${personagem}</arg>
<kw name="POST" library="RequestsLibrary">
<var>${response}</var>
<arg>${BASE_URL}/characters</arg>
<arg>json=${payload}</arg>
<arg>headers=${HEADERS}</arg>
<arg>expected_status=any</arg>
<doc>Sends a POST request.</doc>
<msg timestamp="20210912 22:26:14.403" level="INFO">POST Request : url=http://marvel.qaninja.academy/characters 
 path_url=/characters 
 headers={'User-Agent': 'python-requests/2.22.0', 'Accept-Encoding': 'gzip, deflate', 'Accept': '*/*', 'Connection': 'keep-alive', 'client_key': '613d4f82f2ac8700162fe767', 'Content-Length': '99', 'Content-Type': 'application/json'} 
 body=b'{"name": "Wesley Carter", "aliases": "Thanos", "age": 3000, "team": "Ordem Negra", "active": false}' 
 </msg>
<msg timestamp="20210912 22:26:14.403" level="INFO">POST Response : url=http://marvel.qaninja.academy/characters 
 status=200, reason=OK 
 headers={'Server': 'Cowboy', 'Connection': 'keep-alive', 'X-Powered-By': 'Express', 'Access-Control-Allow-Origin': '*', 'Content-Type': 'application/json; charset=utf-8', 'Content-Length': '158', 'Etag': 'W/"9e-jEHuNEI+yeR2muhJp9Bb3tkxB6A"', 'Date': 'Mon, 13 Sep 2021 01:26:14 GMT', 'Via': '1.1 vegur'} 
 body={"_id":"613ea8b630d144001645232d","name":"Wesley Carter","age":3000,"aliases":"Thanos","team":"Ordem Negra","active":false,"owner":"613d4f82f2ac8700162fe767"} 
 </msg>
<msg timestamp="20210912 22:26:14.404" level="INFO">${response} = &lt;Response [200]&gt;</msg>
<status status="PASS" starttime="20210912 22:26:14.031" endtime="20210912 22:26:14.404"/>
</kw>
<msg timestamp="20210912 22:26:14.404" level="INFO">${response} = &lt;Response [200]&gt;</msg>
<status status="PASS" starttime="20210912 22:26:14.030" endtime="20210912 22:26:14.404"/>
</kw>
<kw name="Status Should Be" library="RequestsLibrary">
<arg>200</arg>
<arg>${response}</arg>
<doc>Fails if response status code is different than the expected.</doc>
<status status="PASS" starttime="20210912 22:26:14.405" endtime="20210912 22:26:14.406"/>
</kw>
<status status="PASS" starttime="20210912 22:26:14.028" endtime="20210912 22:26:14.406"/>
</test>
<test id="s1-t2" name="Não deve cadastrar com o mesmo nome">
<kw name="Factory Mv" library="Mv">
<var>${personagem}</var>
<msg timestamp="20210912 22:26:14.410" level="INFO">${personagem} = {'name': 'Jennifer Sloan', 'aliases': 'Thanos', 'age': 3000, 'team': 'Ordem Negra', 'active': False}</msg>
<status status="PASS" starttime="20210912 22:26:14.409" endtime="20210912 22:26:14.410"/>
</kw>
<kw name="POST New Character" library="characters">
<arg>${personagem}</arg>
<kw name="POST" library="RequestsLibrary">
<var>${response}</var>
<arg>${BASE_URL}/characters</arg>
<arg>json=${payload}</arg>
<arg>headers=${HEADERS}</arg>
<arg>expected_status=any</arg>
<doc>Sends a POST request.</doc>
<msg timestamp="20210912 22:26:14.834" level="INFO">POST Request : url=http://marvel.qaninja.academy/characters 
 path_url=/characters 
 headers={'User-Agent': 'python-requests/2.22.0', 'Accept-Encoding': 'gzip, deflate', 'Accept': '*/*', 'Connection': 'keep-alive', 'client_key': '613d4f82f2ac8700162fe767', 'Content-Length': '100', 'Content-Type': 'application/json'} 
 body=b'{"name": "Jennifer Sloan", "aliases": "Thanos", "age": 3000, "team": "Ordem Negra", "active": false}' 
 </msg>
<msg timestamp="20210912 22:26:14.835" level="INFO">POST Response : url=http://marvel.qaninja.academy/characters 
 status=200, reason=OK 
 headers={'Server': 'Cowboy', 'Connection': 'keep-alive', 'X-Powered-By': 'Express', 'Access-Control-Allow-Origin': '*', 'Content-Type': 'application/json; charset=utf-8', 'Content-Length': '159', 'Etag': 'W/"9f-lerIwsDt2nMXnqFnX5DQcC6K9Rc"', 'Date': 'Mon, 13 Sep 2021 01:26:14 GMT', 'Via': '1.1 vegur'} 
 body={"_id":"613ea8b630d1440016452331","name":"Jennifer Sloan","age":3000,"aliases":"Thanos","team":"Ordem Negra","active":false,"owner":"613d4f82f2ac8700162fe767"} 
 </msg>
<msg timestamp="20210912 22:26:14.835" level="INFO">${response} = &lt;Response [200]&gt;</msg>
<status status="PASS" starttime="20210912 22:26:14.412" endtime="20210912 22:26:14.835"/>
</kw>
<status status="PASS" starttime="20210912 22:26:14.411" endtime="20210912 22:26:14.836"/>
</kw>
<kw name="POST New Character" library="characters">
<var>${response}</var>
<arg>${personagem}</arg>
<kw name="POST" library="RequestsLibrary">
<var>${response}</var>
<arg>${BASE_URL}/characters</arg>
<arg>json=${payload}</arg>
<arg>headers=${HEADERS}</arg>
<arg>expected_status=any</arg>
<doc>Sends a POST request.</doc>
<msg timestamp="20210912 22:26:15.245" level="INFO">POST Request : url=http://marvel.qaninja.academy/characters 
 path_url=/characters 
 headers={'User-Agent': 'python-requests/2.22.0', 'Accept-Encoding': 'gzip, deflate', 'Accept': '*/*', 'Connection': 'keep-alive', 'client_key': '613d4f82f2ac8700162fe767', 'Content-Length': '100', 'Content-Type': 'application/json'} 
 body=b'{"name": "Jennifer Sloan", "aliases": "Thanos", "age": 3000, "team": "Ordem Negra", "active": false}' 
 </msg>
<msg timestamp="20210912 22:26:15.245" level="INFO">POST Response : url=http://marvel.qaninja.academy/characters 
 status=409, reason=Conflict 
 headers={'Server': 'Cowboy', 'Connection': 'keep-alive', 'X-Powered-By': 'Express', 'Access-Control-Allow-Origin': '*', 'Content-Type': 'application/json; charset=utf-8', 'Content-Length': '39', 'Etag': 'W/"27-u8CjYCAAYHK/l+EQR0JyKi0LQGU"', 'Date': 'Mon, 13 Sep 2021 01:26:15 GMT', 'Via': '1.1 vegur'} 
 body={"error":"Character already exists :("} 
 </msg>
<msg timestamp="20210912 22:26:15.246" level="INFO">${response} = &lt;Response [409]&gt;</msg>
<status status="PASS" starttime="20210912 22:26:14.837" endtime="20210912 22:26:15.246"/>
</kw>
<msg timestamp="20210912 22:26:15.247" level="INFO">${response} = &lt;Response [409]&gt;</msg>
<status status="PASS" starttime="20210912 22:26:14.836" endtime="20210912 22:26:15.247"/>
</kw>
<kw name="Status Should Be" library="RequestsLibrary">
<arg>409</arg>
<arg>${response}</arg>
<doc>Fails if response status code is different than the expected.</doc>
<status status="PASS" starttime="20210912 22:26:15.247" endtime="20210912 22:26:15.249"/>
</kw>
<kw name="Should Be Equal" library="BuiltIn">
<arg>${response.json()}[error]</arg>
<arg>Character already exists :(</arg>
<doc>Fails if the given objects are unequal.</doc>
<status status="PASS" starttime="20210912 22:26:15.250" endtime="20210912 22:26:15.252"/>
</kw>
<status status="PASS" starttime="20210912 22:26:14.407" endtime="20210912 22:26:15.253"/>
</test>
<doc>Suite de Teste do cadastro de personagens na API da Marvel</doc>
<status status="PASS" starttime="20210912 22:26:13.106" endtime="20210912 22:26:15.255"/>
</suite>
<statistics>
<total>
<stat pass="2" fail="0" skip="0">All Tests</stat>
</total>
<tag>
</tag>
<suite>
<stat pass="2" fail="0" skip="0" id="s1" name="CreateCharacters">CreateCharacters</stat>
</suite>
</statistics>
<errors>
</errors>
</robot>
