<?xml version="1.0" encoding="UTF-8"?>
<robot generator="Robot 4.0 (Python 3.8.10 on linux)" generated="20210912 18:15:31.944" rpa="false" schemaversion="2">
<suite id="s1" name="CreateCharacters" source="/home/edson/workspace/courses/qa_ninja/robot_framework/marvel_api/specs/CreateCharacters.robot">
<test id="s1-t1" name="Deve cadasrar um personagem">
<kw name="Set Client Key" library="base">
<arg>edsonj82@gmail.com</arg>
<kw name="Create Dictionary" library="BuiltIn">
<var>&amp;{usuario}</var>
<arg>email=${email}</arg>
<doc>Creates and returns a dictionary based on the given ``items``.</doc>
<msg timestamp="20210912 18:15:32.144" level="INFO">&amp;{usuario} = { email=edsonj82@gmail.com }</msg>
<status status="PASS" starttime="20210912 18:15:32.143" endtime="20210912 18:15:32.144"/>
</kw>
<kw name="POST" library="RequestsLibrary">
<var>${response}</var>
<arg>${BASE_URL}/accounts</arg>
<arg>json=${usuario}</arg>
<doc>Sends a POST request.</doc>
<msg timestamp="20210912 18:15:32.437" level="INFO">POST Request : url=http://marvel.qaninja.academy/accounts 
 path_url=/accounts 
 headers={'User-Agent': 'python-requests/2.22.0', 'Accept-Encoding': 'gzip, deflate', 'Accept': '*/*', 'Connection': 'keep-alive', 'Content-Length': '31', 'Content-Type': 'application/json'} 
 body=b'{"email": "edsonj82@gmail.com"}' 
 </msg>
<msg timestamp="20210912 18:15:32.438" level="INFO">POST Response : url=http://marvel.qaninja.academy/accounts 
 status=200, reason=OK 
 headers={'Server': 'Cowboy', 'Connection': 'keep-alive', 'X-Powered-By': 'Express', 'Access-Control-Allow-Origin': '*', 'Content-Type': 'application/json; charset=utf-8', 'Content-Length': '41', 'Etag': 'W/"29-wEcYAGP9/Qkccwz1IsJjIsTH07Y"', 'Date': 'Sun, 12 Sep 2021 21:15:32 GMT', 'Via': '1.1 vegur'} 
 body={"client_key":"613d4f82f2ac8700162fe767"} 
 </msg>
<msg timestamp="20210912 18:15:32.438" level="INFO">${response} = &lt;Response [200]&gt;</msg>
<status status="PASS" starttime="20210912 18:15:32.144" endtime="20210912 18:15:32.438"/>
</kw>
<kw name="Set Variable" library="BuiltIn">
<var>${client_key}</var>
<arg>${response.json()}[client_key]</arg>
<doc>Returns the given values which can then be assigned to a variables.</doc>
<msg timestamp="20210912 18:15:32.441" level="INFO">${client_key} = 613d4f82f2ac8700162fe767</msg>
<status status="PASS" starttime="20210912 18:15:32.439" endtime="20210912 18:15:32.441"/>
</kw>
<kw name="Create Dictionary" library="BuiltIn">
<var>&amp;{HEADERS}</var>
<arg>client_key=${client_key}</arg>
<doc>Creates and returns a dictionary based on the given ``items``.</doc>
<msg timestamp="20210912 18:15:32.442" level="INFO">&amp;{HEADERS} = { client_key=613d4f82f2ac8700162fe767 }</msg>
<status status="PASS" starttime="20210912 18:15:32.441" endtime="20210912 18:15:32.442"/>
</kw>
<kw name="Set Suite Variable" library="BuiltIn">
<arg>${HEADERS}</arg>
<doc>Makes a variable available everywhere within the scope of the current suite.</doc>
<msg timestamp="20210912 18:15:32.444" level="INFO">${HEADERS} = {'client_key': '613d4f82f2ac8700162fe767'}</msg>
<status status="PASS" starttime="20210912 18:15:32.443" endtime="20210912 18:15:32.444"/>
</kw>
<status status="PASS" starttime="20210912 18:15:32.142" endtime="20210912 18:15:32.444"/>
</kw>
<kw name="Factory Mv" library="Mv">
<var>&amp;{personagem}</var>
<msg timestamp="20210912 18:15:32.447" level="INFO">&amp;{personagem} = { name=Robert Thomas | aliases=Thanos | age=3000 | team=Ordem Negra | active=False }</msg>
<status status="PASS" starttime="20210912 18:15:32.445" endtime="20210912 18:15:32.447"/>
</kw>
<kw name="POST New Character" library="characters">
<var>${response}</var>
<arg>${personagem}</arg>
<kw name="POST" library="RequestsLibrary">
<var>${response}</var>
<arg>${BASE_URL}/characters</arg>
<arg>json=${payload}</arg>
<arg>headers=${HEADERS}</arg>
<arg>expected_status=any</arg>
<doc>Sends a POST request.</doc>
<msg timestamp="20210912 18:15:32.832" level="INFO">POST Request : url=http://marvel.qaninja.academy/characters 
 path_url=/characters 
 headers={'User-Agent': 'python-requests/2.22.0', 'Accept-Encoding': 'gzip, deflate', 'Accept': '*/*', 'Connection': 'keep-alive', 'client_key': '613d4f82f2ac8700162fe767', 'Content-Length': '99', 'Content-Type': 'application/json'} 
 body=b'{"name": "Robert Thomas", "aliases": "Thanos", "age": 3000, "team": "Ordem Negra", "active": false}' 
 </msg>
<msg timestamp="20210912 18:15:32.832" level="INFO">POST Response : url=http://marvel.qaninja.academy/characters 
 status=200, reason=OK 
 headers={'Server': 'Cowboy', 'Connection': 'keep-alive', 'X-Powered-By': 'Express', 'Access-Control-Allow-Origin': '*', 'Content-Type': 'application/json; charset=utf-8', 'Content-Length': '158', 'Etag': 'W/"9e-sECs5W1WIuih5N0/VYoKFVvdkPU"', 'Date': 'Sun, 12 Sep 2021 21:15:32 GMT', 'Via': '1.1 vegur'} 
 body={"_id":"613e6df430d1440016451ccd","name":"Robert Thomas","age":3000,"aliases":"Thanos","team":"Ordem Negra","active":false,"owner":"613d4f82f2ac8700162fe767"} 
 </msg>
<msg timestamp="20210912 18:15:32.832" level="INFO">${response} = &lt;Response [200]&gt;</msg>
<status status="PASS" starttime="20210912 18:15:32.449" endtime="20210912 18:15:32.832"/>
</kw>
<msg timestamp="20210912 18:15:32.833" level="INFO">${response} = &lt;Response [200]&gt;</msg>
<status status="PASS" starttime="20210912 18:15:32.447" endtime="20210912 18:15:32.833"/>
</kw>
<kw name="Status Should Be" library="RequestsLibrary">
<arg>200</arg>
<arg>${response}</arg>
<doc>Fails if response status code is different than the expected.</doc>
<status status="PASS" starttime="20210912 18:15:32.834" endtime="20210912 18:15:32.835"/>
</kw>
<status status="PASS" starttime="20210912 18:15:32.141" endtime="20210912 18:15:32.835"/>
</test>
<test id="s1-t2" name="Não deve cadastrar com o mesmo nome">
<kw name="Factory Mv" library="Mv">
<var>${personagem}</var>
<msg timestamp="20210912 18:15:32.839" level="INFO">${personagem} = {'name': 'Tracy Wilson', 'aliases': 'Thanos', 'age': 3000, 'team': 'Ordem Negra', 'active': False}</msg>
<status status="PASS" starttime="20210912 18:15:32.838" endtime="20210912 18:15:32.839"/>
</kw>
<kw name="POST New Character" library="characters">
<arg>${personagem}</arg>
<kw name="POST" library="RequestsLibrary">
<var>${response}</var>
<arg>${BASE_URL}/characters</arg>
<arg>json=${payload}</arg>
<arg>headers=${HEADERS}</arg>
<arg>expected_status=any</arg>
<doc>Sends a POST request.</doc>
<msg timestamp="20210912 18:15:33.165" level="INFO">POST Request : url=http://marvel.qaninja.academy/characters 
 path_url=/characters 
 headers={'User-Agent': 'python-requests/2.22.0', 'Accept-Encoding': 'gzip, deflate', 'Accept': '*/*', 'Connection': 'keep-alive', 'client_key': '613d4f82f2ac8700162fe767', 'Content-Length': '98', 'Content-Type': 'application/json'} 
 body=b'{"name": "Tracy Wilson", "aliases": "Thanos", "age": 3000, "team": "Ordem Negra", "active": false}' 
 </msg>
<msg timestamp="20210912 18:15:33.166" level="INFO">POST Response : url=http://marvel.qaninja.academy/characters 
 status=200, reason=OK 
 headers={'Server': 'Cowboy', 'Connection': 'keep-alive', 'X-Powered-By': 'Express', 'Access-Control-Allow-Origin': '*', 'Content-Type': 'application/json; charset=utf-8', 'Content-Length': '157', 'Etag': 'W/"9d-UFpgRch8Y6sG95F9/E3l39UJN+g"', 'Date': 'Sun, 12 Sep 2021 21:15:33 GMT', 'Via': '1.1 vegur'} 
 body={"_id":"613e6df530d1440016451cd1","name":"Tracy Wilson","age":3000,"aliases":"Thanos","team":"Ordem Negra","active":false,"owner":"613d4f82f2ac8700162fe767"} 
 </msg>
<msg timestamp="20210912 18:15:33.166" level="INFO">${response} = &lt;Response [200]&gt;</msg>
<status status="PASS" starttime="20210912 18:15:32.841" endtime="20210912 18:15:33.166"/>
</kw>
<status status="PASS" starttime="20210912 18:15:32.840" endtime="20210912 18:15:33.167"/>
</kw>
<kw name="POST New Character" library="characters">
<var>${response}</var>
<arg>${personagem}</arg>
<kw name="POST" library="RequestsLibrary">
<var>${response}</var>
<arg>${BASE_URL}/characters</arg>
<arg>json=${payload}</arg>
<arg>headers=${HEADERS}</arg>
<arg>expected_status=any</arg>
<doc>Sends a POST request.</doc>
<msg timestamp="20210912 18:15:33.467" level="INFO">POST Request : url=http://marvel.qaninja.academy/characters 
 path_url=/characters 
 headers={'User-Agent': 'python-requests/2.22.0', 'Accept-Encoding': 'gzip, deflate', 'Accept': '*/*', 'Connection': 'keep-alive', 'client_key': '613d4f82f2ac8700162fe767', 'Content-Length': '98', 'Content-Type': 'application/json'} 
 body=b'{"name": "Tracy Wilson", "aliases": "Thanos", "age": 3000, "team": "Ordem Negra", "active": false}' 
 </msg>
<msg timestamp="20210912 18:15:33.467" level="INFO">POST Response : url=http://marvel.qaninja.academy/characters 
 status=409, reason=Conflict 
 headers={'Server': 'Cowboy', 'Connection': 'keep-alive', 'X-Powered-By': 'Express', 'Access-Control-Allow-Origin': '*', 'Content-Type': 'application/json; charset=utf-8', 'Content-Length': '39', 'Etag': 'W/"27-u8CjYCAAYHK/l+EQR0JyKi0LQGU"', 'Date': 'Sun, 12 Sep 2021 21:15:33 GMT', 'Via': '1.1 vegur'} 
 body={"error":"Character already exists :("} 
 </msg>
<msg timestamp="20210912 18:15:33.468" level="INFO">${response} = &lt;Response [409]&gt;</msg>
<status status="PASS" starttime="20210912 18:15:33.169" endtime="20210912 18:15:33.468"/>
</kw>
<msg timestamp="20210912 18:15:33.468" level="INFO">${response} = &lt;Response [409]&gt;</msg>
<status status="PASS" starttime="20210912 18:15:33.167" endtime="20210912 18:15:33.469"/>
</kw>
<kw name="Status Should Be" library="RequestsLibrary">
<arg>409</arg>
<arg>${response}</arg>
<doc>Fails if response status code is different than the expected.</doc>
<status status="PASS" starttime="20210912 18:15:33.469" endtime="20210912 18:15:33.470"/>
</kw>
<kw name="Should Be Equal" library="BuiltIn">
<arg>${response.json()}[error]</arg>
<arg>Character already exists :(</arg>
<doc>Fails if the given objects are unequal.</doc>
<status status="PASS" starttime="20210912 18:15:33.471" endtime="20210912 18:15:33.473"/>
</kw>
<status status="PASS" starttime="20210912 18:15:32.836" endtime="20210912 18:15:33.473"/>
</test>
<doc>Suite de Teste do cadastro de personagens na API da Marvel</doc>
<status status="PASS" starttime="20210912 18:15:31.945" endtime="20210912 18:15:33.475"/>
</suite>
<statistics>
<total>
<stat pass="2" fail="0" skip="0">All Tests</stat>
</total>
<tag>
</tag>
<suite>
<stat pass="2" fail="0" skip="0" id="s1" name="CreateCharacters">CreateCharacters</stat>
</suite>
</statistics>
<errors>
</errors>
</robot>
