<?xml version="1.0" encoding="UTF-8"?>
<robot generator="Robot 4.0 (Python 3.8.10 on linux)" generated="20220601 23:13:01.973" rpa="false" schemaversion="2">
<suite id="s1" name="RemoveCharacters" source="/home/edson/workspace/courses/qa_ninja/robot_framework/marvel_api/specs/RemoveCharacters.robot">
<kw name="Super Setup" library="base" type="SETUP">
<arg>edsonj82@outlook.com</arg>
<kw name="Set Client Key" library="base">
<arg>${email}</arg>
<kw name="Create Dictionary" library="BuiltIn">
<var>&amp;{usuario}</var>
<arg>email=${email}</arg>
<doc>Creates and returns a dictionary based on the given ``items``.</doc>
<msg timestamp="20220601 23:13:02.121" level="INFO">&amp;{usuario} = { email=edsonj82@outlook.com }</msg>
<status status="PASS" starttime="20220601 23:13:02.119" endtime="20220601 23:13:02.121"/>
</kw>
<kw name="POST" library="RequestsLibrary">
<var>${response}</var>
<arg>${BASE_URL}/accounts</arg>
<arg>json=${usuario}</arg>
<doc>Sends a POST request.</doc>
<msg timestamp="20220601 23:13:02.540" level="INFO">POST Request : url=http://marvel.qaninja.academy/accounts 
 path_url=/accounts 
 headers={'User-Agent': 'python-requests/2.22.0', 'Accept-Encoding': 'gzip, deflate', 'Accept': '*/*', 'Connection': 'keep-alive', 'Content-Length': '33', 'Content-Type': 'application/json'} 
 body=b'{"email": "edsonj82@outlook.com"}' 
 </msg>
<msg timestamp="20220601 23:13:02.540" level="INFO">POST Response : url=http://marvel.qaninja.academy/accounts 
 status=200, reason=OK 
 headers={'Server': 'Cowboy', 'Connection': 'keep-alive', 'X-Powered-By': 'Express', 'Access-Control-Allow-Origin': '*', 'Content-Type': 'application/json; charset=utf-8', 'Content-Length': '41', 'Etag': 'W/"29-7EWhJHPjImME9IhXOyrOFKNqdqw"', 'Date': 'Thu, 02 Jun 2022 02:13:02 GMT', 'Via': '1.1 vegur'} 
 body={"client_key":"6140079596b3b20016b70379"} 
 </msg>
<msg timestamp="20220601 23:13:02.541" level="INFO">${response} = &lt;Response [200]&gt;</msg>
<status status="PASS" starttime="20220601 23:13:02.121" endtime="20220601 23:13:02.541"/>
</kw>
<kw name="Set Variable" library="BuiltIn">
<var>${client_key}</var>
<arg>${response.json()}[client_key]</arg>
<doc>Returns the given values which can then be assigned to a variables.</doc>
<msg timestamp="20220601 23:13:02.543" level="INFO">${client_key} = 6140079596b3b20016b70379</msg>
<status status="PASS" starttime="20220601 23:13:02.541" endtime="20220601 23:13:02.543"/>
</kw>
<kw name="Create Dictionary" library="BuiltIn">
<var>&amp;{HEADERS}</var>
<arg>client_key=${client_key}</arg>
<doc>Creates and returns a dictionary based on the given ``items``.</doc>
<msg timestamp="20220601 23:13:02.545" level="INFO">&amp;{HEADERS} = { client_key=6140079596b3b20016b70379 }</msg>
<status status="PASS" starttime="20220601 23:13:02.544" endtime="20220601 23:13:02.545"/>
</kw>
<kw name="Set Suite Variable" library="BuiltIn">
<arg>${HEADERS}</arg>
<doc>Makes a variable available everywhere within the scope of the current suite.</doc>
<msg timestamp="20220601 23:13:02.546" level="INFO">${HEADERS} = {'client_key': '6140079596b3b20016b70379'}</msg>
<status status="PASS" starttime="20220601 23:13:02.545" endtime="20220601 23:13:02.546"/>
</kw>
<status status="PASS" starttime="20220601 23:13:02.118" endtime="20220601 23:13:02.546"/>
</kw>
<kw name="Back To The Past" library="base">
<kw name="DELETE" library="RequestsLibrary">
<arg>${BASE_URL}/delorean</arg>
<arg>headers=${HEADERS}</arg>
<doc>Sends a DELETE request.</doc>
<msg timestamp="20220601 23:13:02.948" level="INFO">DELETE Request : url=http://marvel.qaninja.academy/delorean 
 path_url=/delorean 
 headers={'User-Agent': 'python-requests/2.22.0', 'Accept-Encoding': 'gzip, deflate', 'Accept': '*/*', 'Connection': 'keep-alive', 'client_key': '6140079596b3b20016b70379', 'Content-Length': '0'} 
 body=None 
 </msg>
<msg timestamp="20220601 23:13:02.948" level="INFO">DELETE Response : url=http://marvel.qaninja.academy/delorean 
 status=200, reason=OK 
 headers={'Server': 'Cowboy', 'Connection': 'keep-alive', 'X-Powered-By': 'Express', 'Access-Control-Allow-Origin': '*', 'Content-Type': 'application/json; charset=utf-8', 'Content-Length': '31', 'Etag': 'W/"1f-ImqlboUfbv1n1FbEV48J/4RvhGg"', 'Date': 'Thu, 02 Jun 2022 02:13:02 GMT', 'Via': '1.1 vegur'} 
 body={"message":"Avengers Assemble"} 
 </msg>
<status status="PASS" starttime="20220601 23:13:02.547" endtime="20220601 23:13:02.948"/>
</kw>
<status status="PASS" starttime="20220601 23:13:02.546" endtime="20220601 23:13:02.949"/>
</kw>
<status status="PASS" starttime="20220601 23:13:02.116" endtime="20220601 23:13:02.949"/>
</kw>
<test id="s1-t1" name="Deve remover um personagem pelo Id">
<kw name="Factory Ciclope" library="Xmen">
<var>${personagem}</var>
<msg timestamp="20220601 23:13:02.952" level="INFO">${personagem} = {'name': 'Ciclope', 'aliases': 'Ciclope', 'age': 25, 'team': 'X-Men', 'active': True}</msg>
<status status="PASS" starttime="20220601 23:13:02.951" endtime="20220601 23:13:02.952"/>
</kw>
<kw name="POST New Character" library="characters">
<var>${ciclope}</var>
<arg>${personagem}</arg>
<kw name="POST" library="RequestsLibrary">
<var>${response}</var>
<arg>${BASE_URL}/characters</arg>
<arg>json=${payload}</arg>
<arg>headers=${HEADERS}</arg>
<arg>expected_status=any</arg>
<doc>Sends a POST request.</doc>
<msg timestamp="20220601 23:13:03.365" level="INFO">POST Request : url=http://marvel.qaninja.academy/characters 
 path_url=/characters 
 headers={'User-Agent': 'python-requests/2.22.0', 'Accept-Encoding': 'gzip, deflate', 'Accept': '*/*', 'Connection': 'keep-alive', 'client_key': '6140079596b3b20016b70379', 'Content-Length': '85', 'Content-Type': 'application/json'} 
 body=b'{"name": "Ciclope", "aliases": "Ciclope", "age": 25, "team": "X-Men", "active": true}' 
 </msg>
<msg timestamp="20220601 23:13:03.365" level="INFO">POST Response : url=http://marvel.qaninja.academy/characters 
 status=200, reason=OK 
 headers={'Server': 'Cowboy', 'Connection': 'keep-alive', 'X-Powered-By': 'Express', 'Access-Control-Allow-Origin': '*', 'Content-Type': 'application/json; charset=utf-8', 'Content-Length': '144', 'Etag': 'W/"90-J3iL4E7pbIeXL+38K0Z9tGIruC4"', 'Date': 'Thu, 02 Jun 2022 02:13:03 GMT', 'Via': '1.1 vegur'} 
 body={"_id":"62981cafa28eb3001624d9be","name":"Ciclope","age":25,"aliases":"Ciclope","team":"X-Men","active":true,"owner":"6140079596b3b20016b70379"} 
 </msg>
<msg timestamp="20220601 23:13:03.365" level="INFO">${response} = &lt;Response [200]&gt;</msg>
<status status="PASS" starttime="20220601 23:13:02.954" endtime="20220601 23:13:03.365"/>
</kw>
<msg timestamp="20220601 23:13:03.366" level="INFO">${ciclope} = &lt;Response [200]&gt;</msg>
<status status="PASS" starttime="20220601 23:13:02.953" endtime="20220601 23:13:03.366"/>
</kw>
<kw name="Set Variable" library="BuiltIn">
<var>${ciclope_id}</var>
<arg>${ciclope.json()}[_id]</arg>
<doc>Returns the given values which can then be assigned to a variables.</doc>
<msg timestamp="20220601 23:13:03.368" level="INFO">${ciclope_id} = 62981cafa28eb3001624d9be</msg>
<status status="PASS" starttime="20220601 23:13:03.367" endtime="20220601 23:13:03.368"/>
</kw>
<kw name="DELETE Character By Id" library="characters">
<var>${response}</var>
<arg>${ciclope_id}</arg>
<kw name="DELETE" library="RequestsLibrary">
<var>${response}</var>
<arg>${BASE_URL}/characters/${character_id}</arg>
<arg>headers=${HEADERS}</arg>
<arg>expected_status=any</arg>
<doc>Sends a DELETE request.</doc>
<msg timestamp="20220601 23:13:03.779" level="INFO">DELETE Request : url=http://marvel.qaninja.academy/characters/62981cafa28eb3001624d9be 
 path_url=/characters/62981cafa28eb3001624d9be 
 headers={'User-Agent': 'python-requests/2.22.0', 'Accept-Encoding': 'gzip, deflate', 'Accept': '*/*', 'Connection': 'keep-alive', 'client_key': '6140079596b3b20016b70379', 'Content-Length': '0'} 
 body=None 
 </msg>
<msg timestamp="20220601 23:13:03.779" level="INFO">DELETE Response : url=http://marvel.qaninja.academy/characters/62981cafa28eb3001624d9be 
 status=204, reason=No Content 
 headers={'Server': 'Cowboy', 'Content-Length': '0', 'Connection': 'keep-alive', 'X-Powered-By': 'Express', 'Access-Control-Allow-Origin': '*', 'Date': 'Thu, 02 Jun 2022 02:13:03 GMT', 'Via': '1.1 vegur'} 
 body=None 
 </msg>
<msg timestamp="20220601 23:13:03.780" level="INFO">${response} = &lt;Response [204]&gt;</msg>
<status status="PASS" starttime="20220601 23:13:03.370" endtime="20220601 23:13:03.780"/>
</kw>
<msg timestamp="20220601 23:13:03.781" level="INFO">${response} = &lt;Response [204]&gt;</msg>
<status status="PASS" starttime="20220601 23:13:03.369" endtime="20220601 23:13:03.781"/>
</kw>
<kw name="Status Should Be" library="RequestsLibrary">
<arg>204</arg>
<arg>${response}</arg>
<doc>Fails if response status code is different than the expected.</doc>
<status status="PASS" starttime="20220601 23:13:03.781" endtime="20220601 23:13:03.782"/>
</kw>
<kw name="GET Character By Id" library="characters">
<var>${response2}</var>
<arg>${ciclope_id}</arg>
<kw name="GET" library="RequestsLibrary">
<var>${response}</var>
<arg>${BASE_URL}/characters/${character_id}</arg>
<arg>headers=${HEADERS}</arg>
<arg>expected_status=any</arg>
<doc>Sends a GET request.</doc>
<msg timestamp="20220601 23:13:04.088" level="INFO">GET Request : url=http://marvel.qaninja.academy/characters/62981cafa28eb3001624d9be 
 path_url=/characters/62981cafa28eb3001624d9be 
 headers={'User-Agent': 'python-requests/2.22.0', 'Accept-Encoding': 'gzip, deflate', 'Accept': '*/*', 'Connection': 'keep-alive', 'client_key': '6140079596b3b20016b70379'} 
 body=None 
 </msg>
<msg timestamp="20220601 23:13:04.089" level="INFO">GET Response : url=http://marvel.qaninja.academy/characters/62981cafa28eb3001624d9be 
 status=404, reason=Not Found 
 headers={'Server': 'Cowboy', 'Connection': 'keep-alive', 'X-Powered-By': 'Express', 'Access-Control-Allow-Origin': '*', 'Date': 'Thu, 02 Jun 2022 02:13:04 GMT', 'Content-Length': '0', 'Via': '1.1 vegur'} 
 body=None 
 </msg>
<msg timestamp="20220601 23:13:04.089" level="INFO">${response} = &lt;Response [404]&gt;</msg>
<status status="PASS" starttime="20220601 23:13:03.785" endtime="20220601 23:13:04.089"/>
</kw>
<msg timestamp="20220601 23:13:04.090" level="INFO">${response2} = &lt;Response [404]&gt;</msg>
<status status="PASS" starttime="20220601 23:13:03.783" endtime="20220601 23:13:04.090"/>
</kw>
<kw name="Status Should Be" library="RequestsLibrary">
<arg>404</arg>
<arg>${response2}</arg>
<doc>Fails if response status code is different than the expected.</doc>
<status status="PASS" starttime="20220601 23:13:04.090" endtime="20220601 23:13:04.091"/>
</kw>
<status status="PASS" starttime="20220601 23:13:02.949" endtime="20220601 23:13:04.092"/>
</test>
<test id="s1-t2" name="Não deve encontrar o usuário pelo Id inexistente">
<kw name="Get Unique Id" library="helpers">
<var>${personagem_id}</var>
<msg timestamp="20220601 23:13:04.095" level="INFO">${personagem_id} = 62981cb0e65dde3192784a1b</msg>
<status status="PASS" starttime="20220601 23:13:04.094" endtime="20220601 23:13:04.095"/>
</kw>
<kw name="DELETE Character By Id" library="characters">
<var>${response}</var>
<arg>${personagem_id}</arg>
<kw name="DELETE" library="RequestsLibrary">
<var>${response}</var>
<arg>${BASE_URL}/characters/${character_id}</arg>
<arg>headers=${HEADERS}</arg>
<arg>expected_status=any</arg>
<doc>Sends a DELETE request.</doc>
<msg timestamp="20220601 23:13:04.482" level="INFO">DELETE Request : url=http://marvel.qaninja.academy/characters/62981cb0e65dde3192784a1b 
 path_url=/characters/62981cb0e65dde3192784a1b 
 headers={'User-Agent': 'python-requests/2.22.0', 'Accept-Encoding': 'gzip, deflate', 'Accept': '*/*', 'Connection': 'keep-alive', 'client_key': '6140079596b3b20016b70379', 'Content-Length': '0'} 
 body=None 
 </msg>
<msg timestamp="20220601 23:13:04.482" level="INFO">DELETE Response : url=http://marvel.qaninja.academy/characters/62981cb0e65dde3192784a1b 
 status=404, reason=Not Found 
 headers={'Server': 'Cowboy', 'Connection': 'keep-alive', 'X-Powered-By': 'Express', 'Access-Control-Allow-Origin': '*', 'Date': 'Thu, 02 Jun 2022 02:13:04 GMT', 'Content-Length': '0', 'Via': '1.1 vegur'} 
 body=None 
 </msg>
<msg timestamp="20220601 23:13:04.483" level="INFO">${response} = &lt;Response [404]&gt;</msg>
<status status="PASS" starttime="20220601 23:13:04.096" endtime="20220601 23:13:04.483"/>
</kw>
<msg timestamp="20220601 23:13:04.484" level="INFO">${response} = &lt;Response [404]&gt;</msg>
<status status="PASS" starttime="20220601 23:13:04.095" endtime="20220601 23:13:04.484"/>
</kw>
<kw name="Status Should Be" library="RequestsLibrary">
<arg>404</arg>
<arg>${response}</arg>
<doc>Fails if response status code is different than the expected.</doc>
<status status="PASS" starttime="20220601 23:13:04.485" endtime="20220601 23:13:04.486"/>
</kw>
<status status="PASS" starttime="20220601 23:13:04.093" endtime="20220601 23:13:04.487"/>
</test>
<doc>Suite de Teste de busca de personagens na API da Marvel</doc>
<status status="PASS" starttime="20220601 23:13:01.974" endtime="20220601 23:13:04.490"/>
</suite>
<statistics>
<total>
<stat pass="2" fail="0" skip="0">All Tests</stat>
</total>
<tag>
</tag>
<suite>
<stat pass="2" fail="0" skip="0" id="s1" name="RemoveCharacters">RemoveCharacters</stat>
</suite>
</statistics>
<errors>
</errors>
</robot>
