<?xml version="1.0" encoding="UTF-8"?>
<robot generator="Robot 4.0 (Python 3.8.10 on linux)" generated="20210912 17:34:04.622" rpa="false" schemaversion="2">
<suite id="s1" name="CreateCharacters" source="/home/edson/workspace/courses/qa_ninja/robot_framework/marvel_api/specs/CreateCharacters.robot">
<test id="s1-t1" name="Deve cadasrar um personagem">
<kw name="Set Client Key" library="base">
<arg>edsonj82@gmail.com</arg>
<kw name="Create Dictionary" library="BuiltIn">
<var>&amp;{usuario}</var>
<arg>email=${email}</arg>
<doc>Creates and returns a dictionary based on the given ``items``.</doc>
<msg timestamp="20210912 17:34:04.854" level="INFO">&amp;{usuario} = { email=edsonj82@gmail.com }</msg>
<status status="PASS" starttime="20210912 17:34:04.853" endtime="20210912 17:34:04.854"/>
</kw>
<kw name="POST" library="RequestsLibrary">
<var>${response}</var>
<arg>${BASE_URI}/accounts</arg>
<arg>json=${usuario}</arg>
<doc>Sends a POST request.</doc>
<msg timestamp="20210912 17:34:05.318" level="INFO">POST Request : url=http://marvel.qaninja.academy/accounts 
 path_url=/accounts 
 headers={'User-Agent': 'python-requests/2.22.0', 'Accept-Encoding': 'gzip, deflate', 'Accept': '*/*', 'Connection': 'keep-alive', 'Content-Length': '31', 'Content-Type': 'application/json'} 
 body=b'{"email": "edsonj82@gmail.com"}' 
 </msg>
<msg timestamp="20210912 17:34:05.318" level="INFO">POST Response : url=http://marvel.qaninja.academy/accounts 
 status=200, reason=OK 
 headers={'Server': 'Cowboy', 'Connection': 'keep-alive', 'X-Powered-By': 'Express', 'Access-Control-Allow-Origin': '*', 'Content-Type': 'application/json; charset=utf-8', 'Content-Length': '41', 'Etag': 'W/"29-wEcYAGP9/Qkccwz1IsJjIsTH07Y"', 'Date': 'Sun, 12 Sep 2021 20:34:05 GMT', 'Via': '1.1 vegur'} 
 body={"client_key":"613d4f82f2ac8700162fe767"} 
 </msg>
<msg timestamp="20210912 17:34:05.318" level="INFO">${response} = &lt;Response [200]&gt;</msg>
<status status="PASS" starttime="20210912 17:34:04.854" endtime="20210912 17:34:05.318"/>
</kw>
<kw name="Set Variable" library="BuiltIn">
<var>${client_key}</var>
<arg>${response.json()}[client_key]</arg>
<doc>Returns the given values which can then be assigned to a variables.</doc>
<msg timestamp="20210912 17:34:05.320" level="INFO">${client_key} = 613d4f82f2ac8700162fe767</msg>
<status status="PASS" starttime="20210912 17:34:05.319" endtime="20210912 17:34:05.320"/>
</kw>
<kw name="Create Dictionary" library="BuiltIn">
<var>&amp;{HEADERS}</var>
<arg>client_key=${client_key}</arg>
<doc>Creates and returns a dictionary based on the given ``items``.</doc>
<msg timestamp="20210912 17:34:05.321" level="INFO">&amp;{HEADERS} = { client_key=613d4f82f2ac8700162fe767 }</msg>
<status status="PASS" starttime="20210912 17:34:05.320" endtime="20210912 17:34:05.321"/>
</kw>
<kw name="Set Suite Variable" library="BuiltIn">
<arg>${HEADERS}</arg>
<doc>Makes a variable available everywhere within the scope of the current suite.</doc>
<msg timestamp="20210912 17:34:05.322" level="INFO">${HEADERS} = {'client_key': '613d4f82f2ac8700162fe767'}</msg>
<status status="PASS" starttime="20210912 17:34:05.322" endtime="20210912 17:34:05.323"/>
</kw>
<status status="PASS" starttime="20210912 17:34:04.852" endtime="20210912 17:34:05.323"/>
</kw>
<kw name="Factory Mv" library="Mv">
<var>&amp;{personagem}</var>
<msg timestamp="20210912 17:34:05.325" level="INFO">&amp;{personagem} = { name=Jerome Peterson | aliases=Thanos | age=3000 | team=Ordem Negra | active=False }</msg>
<status status="PASS" starttime="20210912 17:34:05.323" endtime="20210912 17:34:05.325"/>
</kw>
<kw name="POST" library="RequestsLibrary">
<var>${response}</var>
<arg>http://marvel.qaninja.academy/characters</arg>
<arg>json=${personagem}</arg>
<arg>headers=${headers}</arg>
<doc>Sends a POST request.</doc>
<msg timestamp="20210912 17:34:05.695" level="INFO">POST Request : url=http://marvel.qaninja.academy/characters 
 path_url=/characters 
 headers={'User-Agent': 'python-requests/2.22.0', 'Accept-Encoding': 'gzip, deflate', 'Accept': '*/*', 'Connection': 'keep-alive', 'client_key': '613d4f82f2ac8700162fe767', 'Content-Length': '101', 'Content-Type': 'application/json'} 
 body=b'{"name": "Jerome Peterson", "aliases": "Thanos", "age": 3000, "team": "Ordem Negra", "active": false}' 
 </msg>
<msg timestamp="20210912 17:34:05.695" level="INFO">POST Response : url=http://marvel.qaninja.academy/characters 
 status=200, reason=OK 
 headers={'Server': 'Cowboy', 'Connection': 'keep-alive', 'X-Powered-By': 'Express', 'Access-Control-Allow-Origin': '*', 'Content-Type': 'application/json; charset=utf-8', 'Content-Length': '160', 'Etag': 'W/"a0-N5s5LQyCDLpA9GRFL/pvlf66Mng"', 'Date': 'Sun, 12 Sep 2021 20:34:05 GMT', 'Via': '1.1 vegur'} 
 body={"_id":"613e643d30d1440016451c57","name":"Jerome Peterson","age":3000,"aliases":"Thanos","team":"Ordem Negra","active":false,"owner":"613d4f82f2ac8700162fe767"} 
 </msg>
<msg timestamp="20210912 17:34:05.695" level="INFO">${response} = &lt;Response [200]&gt;</msg>
<status status="PASS" starttime="20210912 17:34:05.325" endtime="20210912 17:34:05.695"/>
</kw>
<kw name="Status Should Be" library="RequestsLibrary">
<arg>200</arg>
<arg>${response}</arg>
<doc>Fails if response status code is different than the expected.</doc>
<status status="PASS" starttime="20210912 17:34:05.696" endtime="20210912 17:34:05.697"/>
</kw>
<status status="PASS" starttime="20210912 17:34:04.851" endtime="20210912 17:34:05.697"/>
</test>
<doc>Suite de Teste do cadastro de personagens na API da Marvel</doc>
<status status="PASS" starttime="20210912 17:34:04.624" endtime="20210912 17:34:05.699"/>
</suite>
<statistics>
<total>
<stat pass="1" fail="0" skip="0">All Tests</stat>
</total>
<tag>
</tag>
<suite>
<stat pass="1" fail="0" skip="0" id="s1" name="CreateCharacters">CreateCharacters</stat>
</suite>
</statistics>
<errors>
</errors>
</robot>
