<?xml version="1.0" encoding="UTF-8"?>
<robot generator="Robot 4.0 (Python 3.8.10 on linux)" generated="20210914 23:27:21.610" rpa="false" schemaversion="2">
<suite id="s1" name="SearchCharacters" source="/home/edson/workspace/courses/qa_ninja/robot_framework/marvel_api/specs/SearchCharacters.robot">
<kw name="Super Setup" library="base" type="SETUP">
<arg>edsonj82@outlook.com</arg>
<kw name="Set Client Key" library="base">
<arg>${email}</arg>
<kw name="Create Dictionary" library="BuiltIn">
<var>&amp;{usuario}</var>
<arg>email=${email}</arg>
<doc>Creates and returns a dictionary based on the given ``items``.</doc>
<msg timestamp="20210914 23:27:21.752" level="INFO">&amp;{usuario} = { email=edsonj82@outlook.com }</msg>
<status status="PASS" starttime="20210914 23:27:21.750" endtime="20210914 23:27:21.752"/>
</kw>
<kw name="POST" library="RequestsLibrary">
<var>${response}</var>
<arg>${BASE_URL}/accounts</arg>
<arg>json=${usuario}</arg>
<doc>Sends a POST request.</doc>
<msg timestamp="20210914 23:27:23.309" level="INFO">POST Request : url=http://marvel.qaninja.academy/accounts 
 path_url=/accounts 
 headers={'User-Agent': 'python-requests/2.22.0', 'Accept-Encoding': 'gzip, deflate', 'Accept': '*/*', 'Connection': 'keep-alive', 'Content-Length': '33', 'Content-Type': 'application/json'} 
 body=b'{"email": "edsonj82@outlook.com"}' 
 </msg>
<msg timestamp="20210914 23:27:23.310" level="INFO">POST Response : url=http://marvel.qaninja.academy/accounts 
 status=200, reason=OK 
 headers={'Server': 'Cowboy', 'Connection': 'keep-alive', 'X-Powered-By': 'Express', 'Access-Control-Allow-Origin': '*', 'Content-Type': 'application/json; charset=utf-8', 'Content-Length': '41', 'Etag': 'W/"29-7EWhJHPjImME9IhXOyrOFKNqdqw"', 'Date': 'Wed, 15 Sep 2021 02:27:23 GMT', 'Via': '1.1 vegur'} 
 body={"client_key":"6140079596b3b20016b70379"} 
 </msg>
<msg timestamp="20210914 23:27:23.310" level="INFO">${response} = &lt;Response [200]&gt;</msg>
<status status="PASS" starttime="20210914 23:27:21.752" endtime="20210914 23:27:23.310"/>
</kw>
<kw name="Set Variable" library="BuiltIn">
<var>${client_key}</var>
<arg>${response.json()}[client_key]</arg>
<doc>Returns the given values which can then be assigned to a variables.</doc>
<msg timestamp="20210914 23:27:23.313" level="INFO">${client_key} = 6140079596b3b20016b70379</msg>
<status status="PASS" starttime="20210914 23:27:23.311" endtime="20210914 23:27:23.313"/>
</kw>
<kw name="Create Dictionary" library="BuiltIn">
<var>&amp;{HEADERS}</var>
<arg>client_key=${client_key}</arg>
<doc>Creates and returns a dictionary based on the given ``items``.</doc>
<msg timestamp="20210914 23:27:23.315" level="INFO">&amp;{HEADERS} = { client_key=6140079596b3b20016b70379 }</msg>
<status status="PASS" starttime="20210914 23:27:23.314" endtime="20210914 23:27:23.315"/>
</kw>
<kw name="Set Suite Variable" library="BuiltIn">
<arg>${HEADERS}</arg>
<doc>Makes a variable available everywhere within the scope of the current suite.</doc>
<msg timestamp="20210914 23:27:23.316" level="INFO">${HEADERS} = {'client_key': '6140079596b3b20016b70379'}</msg>
<status status="PASS" starttime="20210914 23:27:23.316" endtime="20210914 23:27:23.317"/>
</kw>
<status status="PASS" starttime="20210914 23:27:21.750" endtime="20210914 23:27:23.317"/>
</kw>
<kw name="Back To The Past" library="base">
<kw name="DELETE" library="RequestsLibrary">
<arg>${BASE_URL}/delorean</arg>
<arg>headers=${HEADERS}</arg>
<doc>Sends a DELETE request.</doc>
<msg timestamp="20210914 23:27:23.675" level="INFO">DELETE Request : url=http://marvel.qaninja.academy/delorean 
 path_url=/delorean 
 headers={'User-Agent': 'python-requests/2.22.0', 'Accept-Encoding': 'gzip, deflate', 'Accept': '*/*', 'Connection': 'keep-alive', 'client_key': '6140079596b3b20016b70379', 'Content-Length': '0'} 
 body=None 
 </msg>
<msg timestamp="20210914 23:27:23.676" level="INFO">DELETE Response : url=http://marvel.qaninja.academy/delorean 
 status=200, reason=OK 
 headers={'Server': 'Cowboy', 'Connection': 'keep-alive', 'X-Powered-By': 'Express', 'Access-Control-Allow-Origin': '*', 'Content-Type': 'application/json; charset=utf-8', 'Content-Length': '31', 'Etag': 'W/"1f-ImqlboUfbv1n1FbEV48J/4RvhGg"', 'Date': 'Wed, 15 Sep 2021 02:27:23 GMT', 'Via': '1.1 vegur'} 
 body={"message":"Avengers Assemble"} 
 </msg>
<status status="PASS" starttime="20210914 23:27:23.318" endtime="20210914 23:27:23.676"/>
</kw>
<status status="PASS" starttime="20210914 23:27:23.317" endtime="20210914 23:27:23.676"/>
</kw>
<status status="PASS" starttime="20210914 23:27:21.749" endtime="20210914 23:27:23.677"/>
</kw>
<test id="s1-t1" name="Deve buscar um personagem pelo Id">
<kw name="Factory Logan" library="Xmen">
<var>${personagem}</var>
<msg timestamp="20210914 23:27:23.679" level="INFO">${personagem} = {'name': 'Logan', 'aliases': 'Wolverine', 'age': 100, 'team': 'X-Men', 'active': True}</msg>
<status status="PASS" starttime="20210914 23:27:23.678" endtime="20210914 23:27:23.679"/>
</kw>
<kw name="POST New Character" library="characters">
<var>${logan}</var>
<arg>${personagem}</arg>
<kw name="POST" library="RequestsLibrary">
<var>${response}</var>
<arg>${BASE_URL}/characters</arg>
<arg>json=${payload}</arg>
<arg>headers=${HEADERS}</arg>
<arg>expected_status=any</arg>
<doc>Sends a POST request.</doc>
<msg timestamp="20210914 23:27:24.078" level="INFO">POST Request : url=http://marvel.qaninja.academy/characters 
 path_url=/characters 
 headers={'User-Agent': 'python-requests/2.22.0', 'Accept-Encoding': 'gzip, deflate', 'Accept': '*/*', 'Connection': 'keep-alive', 'client_key': '6140079596b3b20016b70379', 'Content-Length': '86', 'Content-Type': 'application/json'} 
 body=b'{"name": "Logan", "aliases": "Wolverine", "age": 100, "team": "X-Men", "active": true}' 
 </msg>
<msg timestamp="20210914 23:27:24.079" level="INFO">POST Response : url=http://marvel.qaninja.academy/characters 
 status=200, reason=OK 
 headers={'Server': 'Cowboy', 'Connection': 'keep-alive', 'X-Powered-By': 'Express', 'Access-Control-Allow-Origin': '*', 'Content-Type': 'application/json; charset=utf-8', 'Content-Length': '145', 'Etag': 'W/"91-0oF4jmEfy0UMtWZx4XGl30IQFtE"', 'Date': 'Wed, 15 Sep 2021 02:27:24 GMT', 'Via': '1.1 vegur'} 
 body={"_id":"61415a0cad940f0016da7be1","name":"Logan","age":100,"aliases":"Wolverine","team":"X-Men","active":true,"owner":"6140079596b3b20016b70379"} 
 </msg>
<msg timestamp="20210914 23:27:24.079" level="INFO">${response} = &lt;Response [200]&gt;</msg>
<status status="PASS" starttime="20210914 23:27:23.681" endtime="20210914 23:27:24.079"/>
</kw>
<msg timestamp="20210914 23:27:24.080" level="INFO">${logan} = &lt;Response [200]&gt;</msg>
<status status="PASS" starttime="20210914 23:27:23.680" endtime="20210914 23:27:24.080"/>
</kw>
<kw name="Set Variable" library="BuiltIn">
<var>${logan_id}</var>
<arg>${logan.json()}[_id]</arg>
<doc>Returns the given values which can then be assigned to a variables.</doc>
<msg timestamp="20210914 23:27:24.083" level="INFO">${logan_id} = 61415a0cad940f0016da7be1</msg>
<status status="PASS" starttime="20210914 23:27:24.081" endtime="20210914 23:27:24.083"/>
</kw>
<kw name="GET Character By Id" library="characters">
<var>${response}</var>
<arg>${logan_id}</arg>
<kw name="GET" library="RequestsLibrary">
<var>${response}</var>
<arg>${BASE_URL}/characters/${character_id}</arg>
<arg>headers=${HEADERS}</arg>
<arg>expected_status=any</arg>
<doc>Sends a GET request.</doc>
<msg timestamp="20210914 23:27:24.540" level="INFO">GET Request : url=http://marvel.qaninja.academy/characters/61415a0cad940f0016da7be1 
 path_url=/characters/61415a0cad940f0016da7be1 
 headers={'User-Agent': 'python-requests/2.22.0', 'Accept-Encoding': 'gzip, deflate', 'Accept': '*/*', 'Connection': 'keep-alive', 'client_key': '6140079596b3b20016b70379'} 
 body=None 
 </msg>
<msg timestamp="20210914 23:27:24.540" level="INFO">GET Response : url=http://marvel.qaninja.academy/characters/61415a0cad940f0016da7be1 
 status=200, reason=OK 
 headers={'Server': 'Cowboy', 'Connection': 'keep-alive', 'X-Powered-By': 'Express', 'Access-Control-Allow-Origin': '*', 'Content-Type': 'application/json; charset=utf-8', 'Content-Length': '145', 'Etag': 'W/"91-0oF4jmEfy0UMtWZx4XGl30IQFtE"', 'Date': 'Wed, 15 Sep 2021 02:27:24 GMT', 'Via': '1.1 vegur'} 
 body={"_id":"61415a0cad940f0016da7be1","name":"Logan","age":100,"aliases":"Wolverine","team":"X-Men","active":true,"owner":"6140079596b3b20016b70379"} 
 </msg>
<msg timestamp="20210914 23:27:24.541" level="INFO">${response} = &lt;Response [200]&gt;</msg>
<status status="PASS" starttime="20210914 23:27:24.085" endtime="20210914 23:27:24.541"/>
</kw>
<msg timestamp="20210914 23:27:24.542" level="INFO">${response} = &lt;Response [200]&gt;</msg>
<status status="PASS" starttime="20210914 23:27:24.083" endtime="20210914 23:27:24.542"/>
</kw>
<kw name="Status Should Be" library="RequestsLibrary">
<arg>200</arg>
<arg>${response}</arg>
<doc>Fails if response status code is different than the expected.</doc>
<status status="PASS" starttime="20210914 23:27:24.543" endtime="20210914 23:27:24.544"/>
</kw>
<kw name="Should Be Equal" library="BuiltIn">
<arg>${logan.json()}[name]</arg>
<arg>${personagem}[name]</arg>
<doc>Fails if the given objects are unequal.</doc>
<status status="PASS" starttime="20210914 23:27:24.544" endtime="20210914 23:27:24.547"/>
</kw>
<kw name="Should Be Equal" library="BuiltIn">
<arg>${logan.json()}[aliases]</arg>
<arg>${personagem}[aliases]</arg>
<doc>Fails if the given objects are unequal.</doc>
<status status="PASS" starttime="20210914 23:27:24.548" endtime="20210914 23:27:24.550"/>
</kw>
<kw name="Should Be Equal" library="BuiltIn">
<arg>${logan.json()}[age]</arg>
<arg>${personagem}[age]</arg>
<doc>Fails if the given objects are unequal.</doc>
<status status="PASS" starttime="20210914 23:27:24.550" endtime="20210914 23:27:24.553"/>
</kw>
<kw name="Should Be Equal" library="BuiltIn">
<arg>${logan.json()}[team]</arg>
<arg>${personagem}[team]</arg>
<doc>Fails if the given objects are unequal.</doc>
<status status="PASS" starttime="20210914 23:27:24.553" endtime="20210914 23:27:24.554"/>
</kw>
<kw name="Should Be Equal" library="BuiltIn">
<arg>${logan.json()}[active]</arg>
<arg>${personagem}[active]</arg>
<doc>Fails if the given objects are unequal.</doc>
<status status="PASS" starttime="20210914 23:27:24.555" endtime="20210914 23:27:24.556"/>
</kw>
<status status="PASS" starttime="20210914 23:27:23.677" endtime="20210914 23:27:24.557"/>
</test>
<test id="s1-t2" name="Não deve retornar o personagem pelo Id">
<kw name="Get Unique Id" library="helpers">
<var>${personagem_id}</var>
<msg timestamp="20210914 23:27:24.559" level="INFO">${personagem_id} = 61415a0ce65dde1848f875d2</msg>
<status status="PASS" starttime="20210914 23:27:24.558" endtime="20210914 23:27:24.559"/>
</kw>
<kw name="GET Character By Id" library="characters">
<var>${response}</var>
<arg>${personagem_id}</arg>
<kw name="GET" library="RequestsLibrary">
<var>${response}</var>
<arg>${BASE_URL}/characters/${character_id}</arg>
<arg>headers=${HEADERS}</arg>
<arg>expected_status=any</arg>
<doc>Sends a GET request.</doc>
<msg timestamp="20210914 23:27:24.925" level="INFO">GET Request : url=http://marvel.qaninja.academy/characters/61415a0ce65dde1848f875d2 
 path_url=/characters/61415a0ce65dde1848f875d2 
 headers={'User-Agent': 'python-requests/2.22.0', 'Accept-Encoding': 'gzip, deflate', 'Accept': '*/*', 'Connection': 'keep-alive', 'client_key': '6140079596b3b20016b70379'} 
 body=None 
 </msg>
<msg timestamp="20210914 23:27:24.926" level="INFO">GET Response : url=http://marvel.qaninja.academy/characters/61415a0ce65dde1848f875d2 
 status=404, reason=Not Found 
 headers={'Server': 'Cowboy', 'Connection': 'keep-alive', 'X-Powered-By': 'Express', 'Access-Control-Allow-Origin': '*', 'Date': 'Wed, 15 Sep 2021 02:27:24 GMT', 'Content-Length': '0', 'Via': '1.1 vegur'} 
 body=None 
 </msg>
<msg timestamp="20210914 23:27:24.926" level="INFO">${response} = &lt;Response [404]&gt;</msg>
<status status="PASS" starttime="20210914 23:27:24.560" endtime="20210914 23:27:24.926"/>
</kw>
<msg timestamp="20210914 23:27:24.927" level="INFO">${response} = &lt;Response [404]&gt;</msg>
<status status="PASS" starttime="20210914 23:27:24.559" endtime="20210914 23:27:24.927"/>
</kw>
<kw name="Status Should Be" library="RequestsLibrary">
<arg>404</arg>
<arg>${response}</arg>
<doc>Fails if response status code is different than the expected.</doc>
<status status="PASS" starttime="20210914 23:27:24.927" endtime="20210914 23:27:24.928"/>
</kw>
<status status="PASS" starttime="20210914 23:27:24.558" endtime="20210914 23:27:24.929"/>
</test>
<doc>Suite de Teste de busca de personagens na API da Marvel</doc>
<status status="PASS" starttime="20210914 23:27:21.611" endtime="20210914 23:27:24.931"/>
</suite>
<statistics>
<total>
<stat pass="2" fail="0" skip="0">All Tests</stat>
</total>
<tag>
</tag>
<suite>
<stat pass="2" fail="0" skip="0" id="s1" name="SearchCharacters">SearchCharacters</stat>
</suite>
</statistics>
<errors>
</errors>
</robot>
