<?xml version="1.0" encoding="UTF-8"?>
<robot generator="Robot 4.0 (Python 3.8.10 on linux)" generated="20210912 22:52:37.723" rpa="false" schemaversion="2">
<suite id="s1" name="CreateCharacters" source="/home/edson/workspace/courses/qa_ninja/robot_framework/marvel_api/specs/CreateCharacters.robot">
<kw name="Run Keywords" library="BuiltIn" type="SETUP">
<arg>Set Client Key</arg>
<arg>edsonj82@gmail.com</arg>
<arg>AND</arg>
<arg>Back To The Past</arg>
<doc>Executes all the given keywords in a sequence.</doc>
<kw name="Set Client Key" library="base">
<arg>edsonj82@gmail.com</arg>
<kw name="Create Dictionary" library="BuiltIn">
<var>&amp;{usuario}</var>
<arg>email=${email}</arg>
<doc>Creates and returns a dictionary based on the given ``items``.</doc>
<msg timestamp="20210912 22:52:37.944" level="INFO">&amp;{usuario} = { email=edsonj82@gmail.com }</msg>
<status status="PASS" starttime="20210912 22:52:37.943" endtime="20210912 22:52:37.944"/>
</kw>
<kw name="POST" library="RequestsLibrary">
<var>${response}</var>
<arg>${BASE_URL}/accounts</arg>
<arg>json=${usuario}</arg>
<doc>Sends a POST request.</doc>
<msg timestamp="20210912 22:52:38.762" level="INFO">POST Request : url=http://marvel.qaninja.academy/accounts 
 path_url=/accounts 
 headers={'User-Agent': 'python-requests/2.22.0', 'Accept-Encoding': 'gzip, deflate', 'Accept': '*/*', 'Connection': 'keep-alive', 'Content-Length': '31', 'Content-Type': 'application/json'} 
 body=b'{"email": "edsonj82@gmail.com"}' 
 </msg>
<msg timestamp="20210912 22:52:38.762" level="INFO">POST Response : url=http://marvel.qaninja.academy/accounts 
 status=200, reason=OK 
 headers={'Server': 'Cowboy', 'Connection': 'keep-alive', 'X-Powered-By': 'Express', 'Access-Control-Allow-Origin': '*', 'Content-Type': 'application/json; charset=utf-8', 'Content-Length': '41', 'Etag': 'W/"29-wEcYAGP9/Qkccwz1IsJjIsTH07Y"', 'Date': 'Mon, 13 Sep 2021 01:52:38 GMT', 'Via': '1.1 vegur'} 
 body={"client_key":"613d4f82f2ac8700162fe767"} 
 </msg>
<msg timestamp="20210912 22:52:38.763" level="INFO">${response} = &lt;Response [200]&gt;</msg>
<status status="PASS" starttime="20210912 22:52:37.944" endtime="20210912 22:52:38.763"/>
</kw>
<kw name="Set Variable" library="BuiltIn">
<var>${client_key}</var>
<arg>${response.json()}[client_key]</arg>
<doc>Returns the given values which can then be assigned to a variables.</doc>
<msg timestamp="20210912 22:52:38.767" level="INFO">${client_key} = 613d4f82f2ac8700162fe767</msg>
<status status="PASS" starttime="20210912 22:52:38.764" endtime="20210912 22:52:38.767"/>
</kw>
<kw name="Create Dictionary" library="BuiltIn">
<var>&amp;{HEADERS}</var>
<arg>client_key=${client_key}</arg>
<doc>Creates and returns a dictionary based on the given ``items``.</doc>
<msg timestamp="20210912 22:52:38.769" level="INFO">&amp;{HEADERS} = { client_key=613d4f82f2ac8700162fe767 }</msg>
<status status="PASS" starttime="20210912 22:52:38.767" endtime="20210912 22:52:38.769"/>
</kw>
<kw name="Set Suite Variable" library="BuiltIn">
<arg>${HEADERS}</arg>
<doc>Makes a variable available everywhere within the scope of the current suite.</doc>
<msg timestamp="20210912 22:52:38.770" level="INFO">${HEADERS} = {'client_key': '613d4f82f2ac8700162fe767'}</msg>
<status status="PASS" starttime="20210912 22:52:38.769" endtime="20210912 22:52:38.770"/>
</kw>
<status status="PASS" starttime="20210912 22:52:37.942" endtime="20210912 22:52:38.770"/>
</kw>
<kw name="Back To The Past" library="base">
<kw name="DELETE" library="RequestsLibrary">
<arg>${BASE_URL}/delorean</arg>
<arg>headers=${HEADERS}</arg>
<doc>Sends a DELETE request.</doc>
<msg timestamp="20210912 22:52:39.196" level="INFO">DELETE Request : url=http://marvel.qaninja.academy/delorean 
 path_url=/delorean 
 headers={'User-Agent': 'python-requests/2.22.0', 'Accept-Encoding': 'gzip, deflate', 'Accept': '*/*', 'Connection': 'keep-alive', 'client_key': '613d4f82f2ac8700162fe767', 'Content-Length': '0'} 
 body=None 
 </msg>
<msg timestamp="20210912 22:52:39.197" level="INFO">DELETE Response : url=http://marvel.qaninja.academy/delorean 
 status=200, reason=OK 
 headers={'Server': 'Cowboy', 'Connection': 'keep-alive', 'X-Powered-By': 'Express', 'Access-Control-Allow-Origin': '*', 'Content-Type': 'application/json; charset=utf-8', 'Content-Length': '31', 'Etag': 'W/"1f-ImqlboUfbv1n1FbEV48J/4RvhGg"', 'Date': 'Mon, 13 Sep 2021 01:52:39 GMT', 'Via': '1.1 vegur'} 
 body={"message":"Avengers Assemble"} 
 </msg>
<status status="PASS" starttime="20210912 22:52:38.771" endtime="20210912 22:52:39.197"/>
</kw>
<status status="PASS" starttime="20210912 22:52:38.770" endtime="20210912 22:52:39.197"/>
</kw>
<status status="PASS" starttime="20210912 22:52:37.942" endtime="20210912 22:52:39.198"/>
</kw>
<test id="s1-t1" name="Deve cadasrar um personagem">
<kw name="Factory Mv" library="Mv">
<var>&amp;{personagem}</var>
<msg timestamp="20210912 22:52:39.201" level="INFO">&amp;{personagem} = { name=Christopher Mccarty | aliases=Thanos | age=3000 | team=Ordem Negra | active=False }</msg>
<status status="PASS" starttime="20210912 22:52:39.199" endtime="20210912 22:52:39.201"/>
</kw>
<kw name="POST New Character" library="characters">
<var>${response}</var>
<arg>${personagem}</arg>
<kw name="POST" library="RequestsLibrary">
<var>${response}</var>
<arg>${BASE_URL}/characters</arg>
<arg>json=${payload}</arg>
<arg>headers=${HEADERS}</arg>
<arg>expected_status=any</arg>
<doc>Sends a POST request.</doc>
<msg timestamp="20210912 22:52:39.555" level="INFO">POST Request : url=http://marvel.qaninja.academy/characters 
 path_url=/characters 
 headers={'User-Agent': 'python-requests/2.22.0', 'Accept-Encoding': 'gzip, deflate', 'Accept': '*/*', 'Connection': 'keep-alive', 'client_key': '613d4f82f2ac8700162fe767', 'Content-Length': '105', 'Content-Type': 'application/json'} 
 body=b'{"name": "Christopher Mccarty", "aliases": "Thanos", "age": 3000, "team": "Ordem Negra", "active": false}' 
 </msg>
<msg timestamp="20210912 22:52:39.555" level="INFO">POST Response : url=http://marvel.qaninja.academy/characters 
 status=200, reason=OK 
 headers={'Server': 'Cowboy', 'Connection': 'keep-alive', 'X-Powered-By': 'Express', 'Access-Control-Allow-Origin': '*', 'Content-Type': 'application/json; charset=utf-8', 'Content-Length': '164', 'Etag': 'W/"a4-f+U8d7OCg/3BJp3329YS46LSGlk"', 'Date': 'Mon, 13 Sep 2021 01:52:39 GMT', 'Via': '1.1 vegur'} 
 body={"_id":"613eaee730d144001645237c","name":"Christopher Mccarty","age":3000,"aliases":"Thanos","team":"Ordem Negra","active":false,"owner":"613d4f82f2ac8700162fe767"} 
 </msg>
<msg timestamp="20210912 22:52:39.556" level="INFO">${response} = &lt;Response [200]&gt;</msg>
<status status="PASS" starttime="20210912 22:52:39.203" endtime="20210912 22:52:39.556"/>
</kw>
<msg timestamp="20210912 22:52:39.557" level="INFO">${response} = &lt;Response [200]&gt;</msg>
<status status="PASS" starttime="20210912 22:52:39.202" endtime="20210912 22:52:39.557"/>
</kw>
<kw name="Status Should Be" library="RequestsLibrary">
<arg>200</arg>
<arg>${response}</arg>
<doc>Fails if response status code is different than the expected.</doc>
<status status="PASS" starttime="20210912 22:52:39.558" endtime="20210912 22:52:39.558"/>
</kw>
<status status="PASS" starttime="20210912 22:52:39.198" endtime="20210912 22:52:39.559"/>
</test>
<test id="s1-t2" name="Não deve cadastrar com o mesmo nome">
<kw name="Factory Deadpool" library="Deadpool">
<var>${personagem}</var>
<msg timestamp="20210912 22:52:39.562" level="INFO">${personagem} = {'name': 'Wade Wilson', 'aliases': 'Deadpool', 'age': 40, 'team': 'X Force', 'active': False}</msg>
<status status="PASS" starttime="20210912 22:52:39.561" endtime="20210912 22:52:39.562"/>
</kw>
<kw name="POST New Character" library="characters">
<arg>${personagem}</arg>
<kw name="POST" library="RequestsLibrary">
<var>${response}</var>
<arg>${BASE_URL}/characters</arg>
<arg>json=${payload}</arg>
<arg>headers=${HEADERS}</arg>
<arg>expected_status=any</arg>
<doc>Sends a POST request.</doc>
<msg timestamp="20210912 22:52:39.913" level="INFO">POST Request : url=http://marvel.qaninja.academy/characters 
 path_url=/characters 
 headers={'User-Agent': 'python-requests/2.22.0', 'Accept-Encoding': 'gzip, deflate', 'Accept': '*/*', 'Connection': 'keep-alive', 'client_key': '613d4f82f2ac8700162fe767', 'Content-Length': '93', 'Content-Type': 'application/json'} 
 body=b'{"name": "Wade Wilson", "aliases": "Deadpool", "age": 40, "team": "X Force", "active": false}' 
 </msg>
<msg timestamp="20210912 22:52:39.913" level="INFO">POST Response : url=http://marvel.qaninja.academy/characters 
 status=200, reason=OK 
 headers={'Server': 'Cowboy', 'Connection': 'keep-alive', 'X-Powered-By': 'Express', 'Access-Control-Allow-Origin': '*', 'Content-Type': 'application/json; charset=utf-8', 'Content-Length': '152', 'Etag': 'W/"98-UYZM2AWjzj4BvErhnwamLyNcRHc"', 'Date': 'Mon, 13 Sep 2021 01:52:39 GMT', 'Via': '1.1 vegur'} 
 body={"_id":"613eaee730d1440016452380","name":"Wade Wilson","age":40,"aliases":"Deadpool","team":"X Force","active":false,"owner":"613d4f82f2ac8700162fe767"} 
 </msg>
<msg timestamp="20210912 22:52:39.914" level="INFO">${response} = &lt;Response [200]&gt;</msg>
<status status="PASS" starttime="20210912 22:52:39.564" endtime="20210912 22:52:39.914"/>
</kw>
<status status="PASS" starttime="20210912 22:52:39.562" endtime="20210912 22:52:39.915"/>
</kw>
<kw name="POST New Character" library="characters">
<var>${response}</var>
<arg>${personagem}</arg>
<kw name="POST" library="RequestsLibrary">
<var>${response}</var>
<arg>${BASE_URL}/characters</arg>
<arg>json=${payload}</arg>
<arg>headers=${HEADERS}</arg>
<arg>expected_status=any</arg>
<doc>Sends a POST request.</doc>
<msg timestamp="20210912 22:52:40.324" level="INFO">POST Request : url=http://marvel.qaninja.academy/characters 
 path_url=/characters 
 headers={'User-Agent': 'python-requests/2.22.0', 'Accept-Encoding': 'gzip, deflate', 'Accept': '*/*', 'Connection': 'keep-alive', 'client_key': '613d4f82f2ac8700162fe767', 'Content-Length': '93', 'Content-Type': 'application/json'} 
 body=b'{"name": "Wade Wilson", "aliases": "Deadpool", "age": 40, "team": "X Force", "active": false}' 
 </msg>
<msg timestamp="20210912 22:52:40.324" level="INFO">POST Response : url=http://marvel.qaninja.academy/characters 
 status=409, reason=Conflict 
 headers={'Server': 'Cowboy', 'Connection': 'keep-alive', 'X-Powered-By': 'Express', 'Access-Control-Allow-Origin': '*', 'Content-Type': 'application/json; charset=utf-8', 'Content-Length': '39', 'Etag': 'W/"27-u8CjYCAAYHK/l+EQR0JyKi0LQGU"', 'Date': 'Mon, 13 Sep 2021 01:52:40 GMT', 'Via': '1.1 vegur'} 
 body={"error":"Character already exists :("} 
 </msg>
<msg timestamp="20210912 22:52:40.324" level="INFO">${response} = &lt;Response [409]&gt;</msg>
<status status="PASS" starttime="20210912 22:52:39.917" endtime="20210912 22:52:40.324"/>
</kw>
<msg timestamp="20210912 22:52:40.325" level="INFO">${response} = &lt;Response [409]&gt;</msg>
<status status="PASS" starttime="20210912 22:52:39.915" endtime="20210912 22:52:40.325"/>
</kw>
<kw name="Status Should Be" library="RequestsLibrary">
<arg>409</arg>
<arg>${response}</arg>
<doc>Fails if response status code is different than the expected.</doc>
<status status="PASS" starttime="20210912 22:52:40.326" endtime="20210912 22:52:40.327"/>
</kw>
<kw name="Should Be Equal" library="BuiltIn">
<arg>${response.json()}[error]</arg>
<arg>Character already exists :(</arg>
<doc>Fails if the given objects are unequal.</doc>
<status status="PASS" starttime="20210912 22:52:40.327" endtime="20210912 22:52:40.329"/>
</kw>
<status status="PASS" starttime="20210912 22:52:39.560" endtime="20210912 22:52:40.330"/>
</test>
<doc>Suite de Teste do cadastro de personagens na API da Marvel</doc>
<status status="PASS" starttime="20210912 22:52:37.724" endtime="20210912 22:52:40.332"/>
</suite>
<statistics>
<total>
<stat pass="2" fail="0" skip="0">All Tests</stat>
</total>
<tag>
</tag>
<suite>
<stat pass="2" fail="0" skip="0" id="s1" name="CreateCharacters">CreateCharacters</stat>
</suite>
</statistics>
<errors>
</errors>
</robot>
