<?xml version="1.0" encoding="UTF-8"?>
<robot generator="Robot 4.0 (Python 3.8.10 on linux)" generated="20220602 22:33:01.728" rpa="false" schemaversion="2">
<suite id="s1" name="Specs" source="/home/edson/workspace/courses/qa_ninja/robot_framework/marvel_api/specs">
<suite id="s1-s1" name="CreateCharacters" source="/home/edson/workspace/courses/qa_ninja/robot_framework/marvel_api/specs/CreateCharacters.robot">
<kw name="Super Setup" library="base" type="SETUP">
<arg>edsonj82@gmail.com</arg>
<kw name="Set Client Key" library="base">
<arg>${email}</arg>
<kw name="Create Dictionary" library="BuiltIn">
<var>&amp;{usuario}</var>
<arg>email=${email}</arg>
<doc>Creates and returns a dictionary based on the given ``items``.</doc>
<msg timestamp="20220602 22:33:02.071" level="INFO">&amp;{usuario} = { email=edsonj82@gmail.com }</msg>
<status status="PASS" starttime="20220602 22:33:02.070" endtime="20220602 22:33:02.071"/>
</kw>
<kw name="POST" library="RequestsLibrary">
<var>${response}</var>
<arg>${BASE_URL}/accounts</arg>
<arg>json=${usuario}</arg>
<doc>Sends a POST request.</doc>
<msg timestamp="20220602 22:33:02.364" level="INFO">POST Request : url=http://marvel.qaninja.academy/accounts 
 path_url=/accounts 
 headers={'User-Agent': 'python-requests/2.22.0', 'Accept-Encoding': 'gzip, deflate', 'Accept': '*/*', 'Connection': 'keep-alive', 'Content-Length': '31', 'Content-Type': 'application/json'} 
 body=b'{"email": "edsonj82@gmail.com"}' 
 </msg>
<msg timestamp="20220602 22:33:02.365" level="INFO">POST Response : url=http://marvel.qaninja.academy/accounts 
 status=200, reason=OK 
 headers={'Server': 'Cowboy', 'Connection': 'keep-alive', 'X-Powered-By': 'Express', 'Access-Control-Allow-Origin': '*', 'Content-Type': 'application/json; charset=utf-8', 'Content-Length': '41', 'Etag': 'W/"29-wEcYAGP9/Qkccwz1IsJjIsTH07Y"', 'Date': 'Fri, 03 Jun 2022 01:33:02 GMT', 'Via': '1.1 vegur'} 
 body={"client_key":"613d4f82f2ac8700162fe767"} 
 </msg>
<msg timestamp="20220602 22:33:02.365" level="INFO">${response} = &lt;Response [200]&gt;</msg>
<status status="PASS" starttime="20220602 22:33:02.072" endtime="20220602 22:33:02.365"/>
</kw>
<kw name="Set Variable" library="BuiltIn">
<var>${client_key}</var>
<arg>${response.json()}[client_key]</arg>
<doc>Returns the given values which can then be assigned to a variables.</doc>
<msg timestamp="20220602 22:33:02.368" level="INFO">${client_key} = 613d4f82f2ac8700162fe767</msg>
<status status="PASS" starttime="20220602 22:33:02.366" endtime="20220602 22:33:02.368"/>
</kw>
<kw name="Create Dictionary" library="BuiltIn">
<var>&amp;{HEADERS}</var>
<arg>client_key=${client_key}</arg>
<doc>Creates and returns a dictionary based on the given ``items``.</doc>
<msg timestamp="20220602 22:33:02.371" level="INFO">&amp;{HEADERS} = { client_key=613d4f82f2ac8700162fe767 }</msg>
<status status="PASS" starttime="20220602 22:33:02.370" endtime="20220602 22:33:02.371"/>
</kw>
<kw name="Set Suite Variable" library="BuiltIn">
<arg>${HEADERS}</arg>
<doc>Makes a variable available everywhere within the scope of the current suite.</doc>
<msg timestamp="20220602 22:33:02.373" level="INFO">${HEADERS} = {'client_key': '613d4f82f2ac8700162fe767'}</msg>
<status status="PASS" starttime="20220602 22:33:02.372" endtime="20220602 22:33:02.373"/>
</kw>
<status status="PASS" starttime="20220602 22:33:02.069" endtime="20220602 22:33:02.374"/>
</kw>
<kw name="Back To The Past" library="base">
<kw name="DELETE" library="RequestsLibrary">
<arg>${BASE_URL}/delorean</arg>
<arg>headers=${HEADERS}</arg>
<doc>Sends a DELETE request.</doc>
<msg timestamp="20220602 22:33:02.732" level="INFO">DELETE Request : url=http://marvel.qaninja.academy/delorean 
 path_url=/delorean 
 headers={'User-Agent': 'python-requests/2.22.0', 'Accept-Encoding': 'gzip, deflate', 'Accept': '*/*', 'Connection': 'keep-alive', 'client_key': '613d4f82f2ac8700162fe767', 'Content-Length': '0'} 
 body=None 
 </msg>
<msg timestamp="20220602 22:33:02.732" level="INFO">DELETE Response : url=http://marvel.qaninja.academy/delorean 
 status=200, reason=OK 
 headers={'Server': 'Cowboy', 'Connection': 'keep-alive', 'X-Powered-By': 'Express', 'Access-Control-Allow-Origin': '*', 'Content-Type': 'application/json; charset=utf-8', 'Content-Length': '31', 'Etag': 'W/"1f-ImqlboUfbv1n1FbEV48J/4RvhGg"', 'Date': 'Fri, 03 Jun 2022 01:33:02 GMT', 'Via': '1.1 vegur'} 
 body={"message":"Avengers Assemble"} 
 </msg>
<status status="PASS" starttime="20220602 22:33:02.375" endtime="20220602 22:33:02.733"/>
</kw>
<status status="PASS" starttime="20220602 22:33:02.375" endtime="20220602 22:33:02.734"/>
</kw>
<status status="PASS" starttime="20220602 22:33:02.068" endtime="20220602 22:33:02.735"/>
</kw>
<test id="s1-s1-t1" name="Deve cadasrar um personagem">
<kw name="Factory Star Lord" library="Guardians">
<var>${personagem}</var>
<msg timestamp="20220602 22:33:02.739" level="INFO">${personagem} = {'name': 'Peter Quill', 'aliases': 'Star Lord', 'age': 30, 'team': 'Guardians of the Galaxy', 'active': True}</msg>
<status status="PASS" starttime="20220602 22:33:02.738" endtime="20220602 22:33:02.739"/>
</kw>
<kw name="POST New Character" library="characters">
<var>${response}</var>
<arg>${personagem}</arg>
<kw name="POST" library="RequestsLibrary">
<var>${response}</var>
<arg>${BASE_URL}/characters</arg>
<arg>json=${payload}</arg>
<arg>headers=${HEADERS}</arg>
<arg>expected_status=any</arg>
<doc>Sends a POST request.</doc>
<msg timestamp="20220602 22:33:03.092" level="INFO">POST Request : url=http://marvel.qaninja.academy/characters 
 path_url=/characters 
 headers={'User-Agent': 'python-requests/2.22.0', 'Accept-Encoding': 'gzip, deflate', 'Accept': '*/*', 'Connection': 'keep-alive', 'client_key': '613d4f82f2ac8700162fe767', 'Content-Length': '109', 'Content-Type': 'application/json'} 
 body=b'{"name": "Peter Quill", "aliases": "Star Lord", "age": 30, "team": "Guardians of the Galaxy", "active": true}' 
 </msg>
<msg timestamp="20220602 22:33:03.092" level="INFO">POST Response : url=http://marvel.qaninja.academy/characters 
 status=200, reason=OK 
 headers={'Server': 'Cowboy', 'Connection': 'keep-alive', 'X-Powered-By': 'Express', 'Access-Control-Allow-Origin': '*', 'Content-Type': 'application/json; charset=utf-8', 'Content-Length': '168', 'Etag': 'W/"a8-wZA8cgxYGTCRgT3BFd1xctEghpo"', 'Date': 'Fri, 03 Jun 2022 01:33:02 GMT', 'Via': '1.1 vegur'} 
 body={"_id":"629964ce62afee0016882942","name":"Peter Quill","age":30,"aliases":"Star Lord","team":"Guardians of the Galaxy","active":true,"owner":"613d4f82f2ac8700162fe767"} 
 </msg>
<msg timestamp="20220602 22:33:03.092" level="INFO">${response} = &lt;Response [200]&gt;</msg>
<status status="PASS" starttime="20220602 22:33:02.742" endtime="20220602 22:33:03.093"/>
</kw>
<msg timestamp="20220602 22:33:03.094" level="INFO">${response} = &lt;Response [200]&gt;</msg>
<status status="PASS" starttime="20220602 22:33:02.740" endtime="20220602 22:33:03.095"/>
</kw>
<kw name="Status Should Be" library="RequestsLibrary">
<arg>200</arg>
<arg>${response}</arg>
<doc>Fails if response status code is different than the expected.</doc>
<status status="PASS" starttime="20220602 22:33:03.096" endtime="20220602 22:33:03.097"/>
</kw>
<status status="PASS" starttime="20220602 22:33:02.736" endtime="20220602 22:33:03.098"/>
</test>
<test id="s1-s1-t2" name="Não deve cadastrar com o mesmo nome">
<kw name="Factory Groot" library="Guardians">
<var>${personagem}</var>
<msg timestamp="20220602 22:33:03.113" level="INFO">${personagem} = {'name': 'Grrot', 'aliases': 'Groot', 'age': 300, 'team': 'Guardians of the Galaxy', 'active': True}</msg>
<status status="PASS" starttime="20220602 22:33:03.112" endtime="20220602 22:33:03.113"/>
</kw>
<kw name="POST New Character" library="characters">
<arg>${personagem}</arg>
<kw name="POST" library="RequestsLibrary">
<var>${response}</var>
<arg>${BASE_URL}/characters</arg>
<arg>json=${payload}</arg>
<arg>headers=${HEADERS}</arg>
<arg>expected_status=any</arg>
<doc>Sends a POST request.</doc>
<msg timestamp="20220602 22:33:03.403" level="INFO">POST Request : url=http://marvel.qaninja.academy/characters 
 path_url=/characters 
 headers={'User-Agent': 'python-requests/2.22.0', 'Accept-Encoding': 'gzip, deflate', 'Accept': '*/*', 'Connection': 'keep-alive', 'client_key': '613d4f82f2ac8700162fe767', 'Content-Length': '100', 'Content-Type': 'application/json'} 
 body=b'{"name": "Grrot", "aliases": "Groot", "age": 300, "team": "Guardians of the Galaxy", "active": true}' 
 </msg>
<msg timestamp="20220602 22:33:03.404" level="INFO">POST Response : url=http://marvel.qaninja.academy/characters 
 status=200, reason=OK 
 headers={'Server': 'Cowboy', 'Connection': 'keep-alive', 'X-Powered-By': 'Express', 'Access-Control-Allow-Origin': '*', 'Content-Type': 'application/json; charset=utf-8', 'Content-Length': '159', 'Etag': 'W/"9f-ApjXN2RRSWX/LNpLhCv7XPpFOkw"', 'Date': 'Fri, 03 Jun 2022 01:33:03 GMT', 'Via': '1.1 vegur'} 
 body={"_id":"629964cf62afee0016882946","name":"Grrot","age":300,"aliases":"Groot","team":"Guardians of the Galaxy","active":true,"owner":"613d4f82f2ac8700162fe767"} 
 </msg>
<msg timestamp="20220602 22:33:03.404" level="INFO">${response} = &lt;Response [200]&gt;</msg>
<status status="PASS" starttime="20220602 22:33:03.115" endtime="20220602 22:33:03.404"/>
</kw>
<status status="PASS" starttime="20220602 22:33:03.114" endtime="20220602 22:33:03.406"/>
</kw>
<kw name="POST New Character" library="characters">
<var>${response}</var>
<arg>${personagem}</arg>
<kw name="POST" library="RequestsLibrary">
<var>${response}</var>
<arg>${BASE_URL}/characters</arg>
<arg>json=${payload}</arg>
<arg>headers=${HEADERS}</arg>
<arg>expected_status=any</arg>
<doc>Sends a POST request.</doc>
<msg timestamp="20220602 22:33:03.837" level="INFO">POST Request : url=http://marvel.qaninja.academy/characters 
 path_url=/characters 
 headers={'User-Agent': 'python-requests/2.22.0', 'Accept-Encoding': 'gzip, deflate', 'Accept': '*/*', 'Connection': 'keep-alive', 'client_key': '613d4f82f2ac8700162fe767', 'Content-Length': '100', 'Content-Type': 'application/json'} 
 body=b'{"name": "Grrot", "aliases": "Groot", "age": 300, "team": "Guardians of the Galaxy", "active": true}' 
 </msg>
<msg timestamp="20220602 22:33:03.838" level="INFO">POST Response : url=http://marvel.qaninja.academy/characters 
 status=409, reason=Conflict 
 headers={'Server': 'Cowboy', 'Connection': 'keep-alive', 'X-Powered-By': 'Express', 'Access-Control-Allow-Origin': '*', 'Content-Type': 'application/json; charset=utf-8', 'Content-Length': '39', 'Etag': 'W/"27-u8CjYCAAYHK/l+EQR0JyKi0LQGU"', 'Date': 'Fri, 03 Jun 2022 01:33:03 GMT', 'Via': '1.1 vegur'} 
 body={"error":"Character already exists :("} 
 </msg>
<msg timestamp="20220602 22:33:03.838" level="INFO">${response} = &lt;Response [409]&gt;</msg>
<status status="PASS" starttime="20220602 22:33:03.409" endtime="20220602 22:33:03.838"/>
</kw>
<msg timestamp="20220602 22:33:03.839" level="INFO">${response} = &lt;Response [409]&gt;</msg>
<status status="PASS" starttime="20220602 22:33:03.407" endtime="20220602 22:33:03.839"/>
</kw>
<kw name="Status Should Be" library="RequestsLibrary">
<arg>409</arg>
<arg>${response}</arg>
<doc>Fails if response status code is different than the expected.</doc>
<status status="PASS" starttime="20220602 22:33:03.840" endtime="20220602 22:33:03.841"/>
</kw>
<kw name="Should Be Equal" library="BuiltIn">
<arg>${response.json()}[error]</arg>
<arg>Character already exists :(</arg>
<doc>Fails if the given objects are unequal.</doc>
<status status="PASS" starttime="20220602 22:33:03.841" endtime="20220602 22:33:03.843"/>
</kw>
<status status="PASS" starttime="20220602 22:33:03.109" endtime="20220602 22:33:03.844"/>
</test>
<doc>Suite de Teste do cadastro de personagens na API da Marvel</doc>
<status status="PASS" starttime="20220602 22:33:01.836" endtime="20220602 22:33:03.850"/>
</suite>
<suite id="s1-s2" name="RemoveCharacters" source="/home/edson/workspace/courses/qa_ninja/robot_framework/marvel_api/specs/RemoveCharacters.robot">
<kw name="Super Setup" library="base" type="SETUP">
<arg>edsonj82@outlook.com</arg>
<kw name="Set Client Key" library="base">
<arg>${email}</arg>
<kw name="Create Dictionary" library="BuiltIn">
<var>&amp;{usuario}</var>
<arg>email=${email}</arg>
<doc>Creates and returns a dictionary based on the given ``items``.</doc>
<msg timestamp="20220602 22:33:03.872" level="INFO">&amp;{usuario} = { email=edsonj82@outlook.com }</msg>
<status status="PASS" starttime="20220602 22:33:03.871" endtime="20220602 22:33:03.872"/>
</kw>
<kw name="POST" library="RequestsLibrary">
<var>${response}</var>
<arg>${BASE_URL}/accounts</arg>
<arg>json=${usuario}</arg>
<doc>Sends a POST request.</doc>
<msg timestamp="20220602 22:33:04.213" level="INFO">POST Request : url=http://marvel.qaninja.academy/accounts 
 path_url=/accounts 
 headers={'User-Agent': 'python-requests/2.22.0', 'Accept-Encoding': 'gzip, deflate', 'Accept': '*/*', 'Connection': 'keep-alive', 'Content-Length': '33', 'Content-Type': 'application/json'} 
 body=b'{"email": "edsonj82@outlook.com"}' 
 </msg>
<msg timestamp="20220602 22:33:04.214" level="INFO">POST Response : url=http://marvel.qaninja.academy/accounts 
 status=200, reason=OK 
 headers={'Server': 'Cowboy', 'Connection': 'keep-alive', 'X-Powered-By': 'Express', 'Access-Control-Allow-Origin': '*', 'Content-Type': 'application/json; charset=utf-8', 'Content-Length': '41', 'Etag': 'W/"29-7EWhJHPjImME9IhXOyrOFKNqdqw"', 'Date': 'Fri, 03 Jun 2022 01:33:04 GMT', 'Via': '1.1 vegur'} 
 body={"client_key":"6140079596b3b20016b70379"} 
 </msg>
<msg timestamp="20220602 22:33:04.214" level="INFO">${response} = &lt;Response [200]&gt;</msg>
<status status="PASS" starttime="20220602 22:33:03.873" endtime="20220602 22:33:04.215"/>
</kw>
<kw name="Set Variable" library="BuiltIn">
<var>${client_key}</var>
<arg>${response.json()}[client_key]</arg>
<doc>Returns the given values which can then be assigned to a variables.</doc>
<msg timestamp="20220602 22:33:04.218" level="INFO">${client_key} = 6140079596b3b20016b70379</msg>
<status status="PASS" starttime="20220602 22:33:04.217" endtime="20220602 22:33:04.218"/>
</kw>
<kw name="Create Dictionary" library="BuiltIn">
<var>&amp;{HEADERS}</var>
<arg>client_key=${client_key}</arg>
<doc>Creates and returns a dictionary based on the given ``items``.</doc>
<msg timestamp="20220602 22:33:04.221" level="INFO">&amp;{HEADERS} = { client_key=6140079596b3b20016b70379 }</msg>
<status status="PASS" starttime="20220602 22:33:04.220" endtime="20220602 22:33:04.221"/>
</kw>
<kw name="Set Suite Variable" library="BuiltIn">
<arg>${HEADERS}</arg>
<doc>Makes a variable available everywhere within the scope of the current suite.</doc>
<msg timestamp="20220602 22:33:04.222" level="INFO">${HEADERS} = {'client_key': '6140079596b3b20016b70379'}</msg>
<status status="PASS" starttime="20220602 22:33:04.222" endtime="20220602 22:33:04.223"/>
</kw>
<status status="PASS" starttime="20220602 22:33:03.870" endtime="20220602 22:33:04.224"/>
</kw>
<kw name="Back To The Past" library="base">
<kw name="DELETE" library="RequestsLibrary">
<arg>${BASE_URL}/delorean</arg>
<arg>headers=${HEADERS}</arg>
<doc>Sends a DELETE request.</doc>
<msg timestamp="20220602 22:33:04.524" level="INFO">DELETE Request : url=http://marvel.qaninja.academy/delorean 
 path_url=/delorean 
 headers={'User-Agent': 'python-requests/2.22.0', 'Accept-Encoding': 'gzip, deflate', 'Accept': '*/*', 'Connection': 'keep-alive', 'client_key': '6140079596b3b20016b70379', 'Content-Length': '0'} 
 body=None 
 </msg>
<msg timestamp="20220602 22:33:04.525" level="INFO">DELETE Response : url=http://marvel.qaninja.academy/delorean 
 status=200, reason=OK 
 headers={'Server': 'Cowboy', 'Connection': 'keep-alive', 'X-Powered-By': 'Express', 'Access-Control-Allow-Origin': '*', 'Content-Type': 'application/json; charset=utf-8', 'Content-Length': '31', 'Etag': 'W/"1f-ImqlboUfbv1n1FbEV48J/4RvhGg"', 'Date': 'Fri, 03 Jun 2022 01:33:04 GMT', 'Via': '1.1 vegur'} 
 body={"message":"Avengers Assemble"} 
 </msg>
<status status="PASS" starttime="20220602 22:33:04.225" endtime="20220602 22:33:04.525"/>
</kw>
<status status="PASS" starttime="20220602 22:33:04.224" endtime="20220602 22:33:04.527"/>
</kw>
<status status="PASS" starttime="20220602 22:33:03.869" endtime="20220602 22:33:04.527"/>
</kw>
<test id="s1-s2-t1" name="Deve remover um personagem pelo Id">
<kw name="Factory Ciclope" library="Xmen">
<var>${personagem}</var>
<msg timestamp="20220602 22:33:04.531" level="INFO">${personagem} = {'name': 'Ciclope', 'aliases': 'Ciclope', 'age': 25, 'team': 'X-Men', 'active': True}</msg>
<status status="PASS" starttime="20220602 22:33:04.530" endtime="20220602 22:33:04.531"/>
</kw>
<kw name="POST New Character" library="characters">
<var>${ciclope}</var>
<arg>${personagem}</arg>
<kw name="POST" library="RequestsLibrary">
<var>${response}</var>
<arg>${BASE_URL}/characters</arg>
<arg>json=${payload}</arg>
<arg>headers=${HEADERS}</arg>
<arg>expected_status=any</arg>
<doc>Sends a POST request.</doc>
<msg timestamp="20220602 22:33:04.937" level="INFO">POST Request : url=http://marvel.qaninja.academy/characters 
 path_url=/characters 
 headers={'User-Agent': 'python-requests/2.22.0', 'Accept-Encoding': 'gzip, deflate', 'Accept': '*/*', 'Connection': 'keep-alive', 'client_key': '6140079596b3b20016b70379', 'Content-Length': '85', 'Content-Type': 'application/json'} 
 body=b'{"name": "Ciclope", "aliases": "Ciclope", "age": 25, "team": "X-Men", "active": true}' 
 </msg>
<msg timestamp="20220602 22:33:04.937" level="INFO">POST Response : url=http://marvel.qaninja.academy/characters 
 status=200, reason=OK 
 headers={'Server': 'Cowboy', 'Connection': 'keep-alive', 'X-Powered-By': 'Express', 'Access-Control-Allow-Origin': '*', 'Content-Type': 'application/json; charset=utf-8', 'Content-Length': '144', 'Etag': 'W/"90-LOdDL8PdcM7W18kpa/kl475FXds"', 'Date': 'Fri, 03 Jun 2022 01:33:04 GMT', 'Via': '1.1 vegur'} 
 body={"_id":"629964d062afee001688294f","name":"Ciclope","age":25,"aliases":"Ciclope","team":"X-Men","active":true,"owner":"6140079596b3b20016b70379"} 
 </msg>
<msg timestamp="20220602 22:33:04.938" level="INFO">${response} = &lt;Response [200]&gt;</msg>
<status status="PASS" starttime="20220602 22:33:04.534" endtime="20220602 22:33:04.938"/>
</kw>
<msg timestamp="20220602 22:33:04.940" level="INFO">${ciclope} = &lt;Response [200]&gt;</msg>
<status status="PASS" starttime="20220602 22:33:04.532" endtime="20220602 22:33:04.940"/>
</kw>
<kw name="Set Variable" library="BuiltIn">
<var>${ciclope_id}</var>
<arg>${ciclope.json()}[_id]</arg>
<doc>Returns the given values which can then be assigned to a variables.</doc>
<msg timestamp="20220602 22:33:04.944" level="INFO">${ciclope_id} = 629964d062afee001688294f</msg>
<status status="PASS" starttime="20220602 22:33:04.942" endtime="20220602 22:33:04.944"/>
</kw>
<kw name="DELETE Character By Id" library="characters">
<var>${response}</var>
<arg>${ciclope_id}</arg>
<kw name="DELETE" library="RequestsLibrary">
<var>${response}</var>
<arg>${BASE_URL}/characters/${character_id}</arg>
<arg>headers=${HEADERS}</arg>
<arg>expected_status=any</arg>
<doc>Sends a DELETE request.</doc>
<msg timestamp="20220602 22:33:05.242" level="INFO">DELETE Request : url=http://marvel.qaninja.academy/characters/629964d062afee001688294f 
 path_url=/characters/629964d062afee001688294f 
 headers={'User-Agent': 'python-requests/2.22.0', 'Accept-Encoding': 'gzip, deflate', 'Accept': '*/*', 'Connection': 'keep-alive', 'client_key': '6140079596b3b20016b70379', 'Content-Length': '0'} 
 body=None 
 </msg>
<msg timestamp="20220602 22:33:05.243" level="INFO">DELETE Response : url=http://marvel.qaninja.academy/characters/629964d062afee001688294f 
 status=204, reason=No Content 
 headers={'Server': 'Cowboy', 'Content-Length': '0', 'Connection': 'keep-alive', 'X-Powered-By': 'Express', 'Access-Control-Allow-Origin': '*', 'Date': 'Fri, 03 Jun 2022 01:33:05 GMT', 'Via': '1.1 vegur'} 
 body=None 
 </msg>
<msg timestamp="20220602 22:33:05.243" level="INFO">${response} = &lt;Response [204]&gt;</msg>
<status status="PASS" starttime="20220602 22:33:04.947" endtime="20220602 22:33:05.243"/>
</kw>
<msg timestamp="20220602 22:33:05.245" level="INFO">${response} = &lt;Response [204]&gt;</msg>
<status status="PASS" starttime="20220602 22:33:04.945" endtime="20220602 22:33:05.245"/>
</kw>
<kw name="Status Should Be" library="RequestsLibrary">
<arg>204</arg>
<arg>${response}</arg>
<doc>Fails if response status code is different than the expected.</doc>
<status status="PASS" starttime="20220602 22:33:05.247" endtime="20220602 22:33:05.248"/>
</kw>
<kw name="GET Character By Id" library="characters">
<var>${response2}</var>
<arg>${ciclope_id}</arg>
<kw name="GET" library="RequestsLibrary">
<var>${response}</var>
<arg>${BASE_URL}/characters/${character_id}</arg>
<arg>headers=${HEADERS}</arg>
<arg>expected_status=any</arg>
<doc>Sends a GET request.</doc>
<msg timestamp="20220602 22:33:05.550" level="INFO">GET Request : url=http://marvel.qaninja.academy/characters/629964d062afee001688294f 
 path_url=/characters/629964d062afee001688294f 
 headers={'User-Agent': 'python-requests/2.22.0', 'Accept-Encoding': 'gzip, deflate', 'Accept': '*/*', 'Connection': 'keep-alive', 'client_key': '6140079596b3b20016b70379'} 
 body=None 
 </msg>
<msg timestamp="20220602 22:33:05.550" level="INFO">GET Response : url=http://marvel.qaninja.academy/characters/629964d062afee001688294f 
 status=404, reason=Not Found 
 headers={'Server': 'Cowboy', 'Connection': 'keep-alive', 'X-Powered-By': 'Express', 'Access-Control-Allow-Origin': '*', 'Date': 'Fri, 03 Jun 2022 01:33:05 GMT', 'Content-Length': '0', 'Via': '1.1 vegur'} 
 body=None 
 </msg>
<msg timestamp="20220602 22:33:05.551" level="INFO">${response} = &lt;Response [404]&gt;</msg>
<status status="PASS" starttime="20220602 22:33:05.250" endtime="20220602 22:33:05.551"/>
</kw>
<msg timestamp="20220602 22:33:05.553" level="INFO">${response2} = &lt;Response [404]&gt;</msg>
<status status="PASS" starttime="20220602 22:33:05.249" endtime="20220602 22:33:05.553"/>
</kw>
<kw name="Status Should Be" library="RequestsLibrary">
<arg>404</arg>
<arg>${response2}</arg>
<doc>Fails if response status code is different than the expected.</doc>
<status status="PASS" starttime="20220602 22:33:05.555" endtime="20220602 22:33:05.556"/>
</kw>
<status status="PASS" starttime="20220602 22:33:04.528" endtime="20220602 22:33:05.557"/>
</test>
<test id="s1-s2-t2" name="Não deve encontrar o usuário pelo Id inexistente">
<kw name="Get Unique Id" library="helpers">
<var>${personagem_id}</var>
<msg timestamp="20220602 22:33:05.569" level="INFO">${personagem_id} = 629964d1e65dde39bc2fd5a0</msg>
<status status="PASS" starttime="20220602 22:33:05.569" endtime="20220602 22:33:05.569"/>
</kw>
<kw name="DELETE Character By Id" library="characters">
<var>${response}</var>
<arg>${personagem_id}</arg>
<kw name="DELETE" library="RequestsLibrary">
<var>${response}</var>
<arg>${BASE_URL}/characters/${character_id}</arg>
<arg>headers=${HEADERS}</arg>
<arg>expected_status=any</arg>
<doc>Sends a DELETE request.</doc>
<msg timestamp="20220602 22:33:05.960" level="INFO">DELETE Request : url=http://marvel.qaninja.academy/characters/629964d1e65dde39bc2fd5a0 
 path_url=/characters/629964d1e65dde39bc2fd5a0 
 headers={'User-Agent': 'python-requests/2.22.0', 'Accept-Encoding': 'gzip, deflate', 'Accept': '*/*', 'Connection': 'keep-alive', 'client_key': '6140079596b3b20016b70379', 'Content-Length': '0'} 
 body=None 
 </msg>
<msg timestamp="20220602 22:33:05.961" level="INFO">DELETE Response : url=http://marvel.qaninja.academy/characters/629964d1e65dde39bc2fd5a0 
 status=404, reason=Not Found 
 headers={'Server': 'Cowboy', 'Connection': 'keep-alive', 'X-Powered-By': 'Express', 'Access-Control-Allow-Origin': '*', 'Date': 'Fri, 03 Jun 2022 01:33:05 GMT', 'Content-Length': '0', 'Via': '1.1 vegur'} 
 body=None 
 </msg>
<msg timestamp="20220602 22:33:05.961" level="INFO">${response} = &lt;Response [404]&gt;</msg>
<status status="PASS" starttime="20220602 22:33:05.571" endtime="20220602 22:33:05.961"/>
</kw>
<msg timestamp="20220602 22:33:05.963" level="INFO">${response} = &lt;Response [404]&gt;</msg>
<status status="PASS" starttime="20220602 22:33:05.570" endtime="20220602 22:33:05.963"/>
</kw>
<kw name="Status Should Be" library="RequestsLibrary">
<arg>404</arg>
<arg>${response}</arg>
<doc>Fails if response status code is different than the expected.</doc>
<status status="PASS" starttime="20220602 22:33:05.965" endtime="20220602 22:33:05.966"/>
</kw>
<status status="PASS" starttime="20220602 22:33:05.566" endtime="20220602 22:33:05.967"/>
</test>
<doc>Suite de Teste de busca de personagens na API da Marvel</doc>
<status status="PASS" starttime="20220602 22:33:03.858" endtime="20220602 22:33:05.977"/>
</suite>
<suite id="s1-s3" name="SearchCharacters" source="/home/edson/workspace/courses/qa_ninja/robot_framework/marvel_api/specs/SearchCharacters.robot">
<kw name="Super Setup" library="base" type="SETUP">
<arg>edsonj82@outlook.com</arg>
<kw name="Set Client Key" library="base">
<arg>${email}</arg>
<kw name="Create Dictionary" library="BuiltIn">
<var>&amp;{usuario}</var>
<arg>email=${email}</arg>
<doc>Creates and returns a dictionary based on the given ``items``.</doc>
<msg timestamp="20220602 22:33:05.995" level="INFO">&amp;{usuario} = { email=edsonj82@outlook.com }</msg>
<status status="PASS" starttime="20220602 22:33:05.994" endtime="20220602 22:33:05.996"/>
</kw>
<kw name="POST" library="RequestsLibrary">
<var>${response}</var>
<arg>${BASE_URL}/accounts</arg>
<arg>json=${usuario}</arg>
<doc>Sends a POST request.</doc>
<msg timestamp="20220602 22:33:06.343" level="INFO">POST Request : url=http://marvel.qaninja.academy/accounts 
 path_url=/accounts 
 headers={'User-Agent': 'python-requests/2.22.0', 'Accept-Encoding': 'gzip, deflate', 'Accept': '*/*', 'Connection': 'keep-alive', 'Content-Length': '33', 'Content-Type': 'application/json'} 
 body=b'{"email": "edsonj82@outlook.com"}' 
 </msg>
<msg timestamp="20220602 22:33:06.343" level="INFO">POST Response : url=http://marvel.qaninja.academy/accounts 
 status=200, reason=OK 
 headers={'Server': 'Cowboy', 'Connection': 'keep-alive', 'X-Powered-By': 'Express', 'Access-Control-Allow-Origin': '*', 'Content-Type': 'application/json; charset=utf-8', 'Content-Length': '41', 'Etag': 'W/"29-7EWhJHPjImME9IhXOyrOFKNqdqw"', 'Date': 'Fri, 03 Jun 2022 01:33:06 GMT', 'Via': '1.1 vegur'} 
 body={"client_key":"6140079596b3b20016b70379"} 
 </msg>
<msg timestamp="20220602 22:33:06.344" level="INFO">${response} = &lt;Response [200]&gt;</msg>
<status status="PASS" starttime="20220602 22:33:05.997" endtime="20220602 22:33:06.344"/>
</kw>
<kw name="Set Variable" library="BuiltIn">
<var>${client_key}</var>
<arg>${response.json()}[client_key]</arg>
<doc>Returns the given values which can then be assigned to a variables.</doc>
<msg timestamp="20220602 22:33:06.347" level="INFO">${client_key} = 6140079596b3b20016b70379</msg>
<status status="PASS" starttime="20220602 22:33:06.345" endtime="20220602 22:33:06.347"/>
</kw>
<kw name="Create Dictionary" library="BuiltIn">
<var>&amp;{HEADERS}</var>
<arg>client_key=${client_key}</arg>
<doc>Creates and returns a dictionary based on the given ``items``.</doc>
<msg timestamp="20220602 22:33:06.350" level="INFO">&amp;{HEADERS} = { client_key=6140079596b3b20016b70379 }</msg>
<status status="PASS" starttime="20220602 22:33:06.349" endtime="20220602 22:33:06.350"/>
</kw>
<kw name="Set Suite Variable" library="BuiltIn">
<arg>${HEADERS}</arg>
<doc>Makes a variable available everywhere within the scope of the current suite.</doc>
<msg timestamp="20220602 22:33:06.351" level="INFO">${HEADERS} = {'client_key': '6140079596b3b20016b70379'}</msg>
<status status="PASS" starttime="20220602 22:33:06.351" endtime="20220602 22:33:06.352"/>
</kw>
<status status="PASS" starttime="20220602 22:33:05.994" endtime="20220602 22:33:06.352"/>
</kw>
<kw name="Back To The Past" library="base">
<kw name="DELETE" library="RequestsLibrary">
<arg>${BASE_URL}/delorean</arg>
<arg>headers=${HEADERS}</arg>
<doc>Sends a DELETE request.</doc>
<msg timestamp="20220602 22:33:06.636" level="INFO">DELETE Request : url=http://marvel.qaninja.academy/delorean 
 path_url=/delorean 
 headers={'User-Agent': 'python-requests/2.22.0', 'Accept-Encoding': 'gzip, deflate', 'Accept': '*/*', 'Connection': 'keep-alive', 'client_key': '6140079596b3b20016b70379', 'Content-Length': '0'} 
 body=None 
 </msg>
<msg timestamp="20220602 22:33:06.636" level="INFO">DELETE Response : url=http://marvel.qaninja.academy/delorean 
 status=200, reason=OK 
 headers={'Server': 'Cowboy', 'Connection': 'keep-alive', 'X-Powered-By': 'Express', 'Access-Control-Allow-Origin': '*', 'Content-Type': 'application/json; charset=utf-8', 'Content-Length': '31', 'Etag': 'W/"1f-ImqlboUfbv1n1FbEV48J/4RvhGg"', 'Date': 'Fri, 03 Jun 2022 01:33:06 GMT', 'Via': '1.1 vegur'} 
 body={"message":"Avengers Assemble"} 
 </msg>
<status status="PASS" starttime="20220602 22:33:06.354" endtime="20220602 22:33:06.636"/>
</kw>
<status status="PASS" starttime="20220602 22:33:06.353" endtime="20220602 22:33:06.638"/>
</kw>
<status status="PASS" starttime="20220602 22:33:05.993" endtime="20220602 22:33:06.639"/>
</kw>
<test id="s1-s3-t1" name="Deve buscar um personagem pelo Id">
<kw name="Factory Logan" library="Xmen">
<var>${personagem}</var>
<msg timestamp="20220602 22:33:06.643" level="INFO">${personagem} = {'name': 'Logan', 'aliases': 'Wolverine', 'age': 100, 'team': 'X-Men', 'active': True}</msg>
<status status="PASS" starttime="20220602 22:33:06.642" endtime="20220602 22:33:06.643"/>
</kw>
<kw name="POST New Character" library="characters">
<var>${logan}</var>
<arg>${personagem}</arg>
<kw name="POST" library="RequestsLibrary">
<var>${response}</var>
<arg>${BASE_URL}/characters</arg>
<arg>json=${payload}</arg>
<arg>headers=${HEADERS}</arg>
<arg>expected_status=any</arg>
<doc>Sends a POST request.</doc>
<msg timestamp="20220602 22:33:07.087" level="INFO">POST Request : url=http://marvel.qaninja.academy/characters 
 path_url=/characters 
 headers={'User-Agent': 'python-requests/2.22.0', 'Accept-Encoding': 'gzip, deflate', 'Accept': '*/*', 'Connection': 'keep-alive', 'client_key': '6140079596b3b20016b70379', 'Content-Length': '86', 'Content-Type': 'application/json'} 
 body=b'{"name": "Logan", "aliases": "Wolverine", "age": 100, "team": "X-Men", "active": true}' 
 </msg>
<msg timestamp="20220602 22:33:07.087" level="INFO">POST Response : url=http://marvel.qaninja.academy/characters 
 status=200, reason=OK 
 headers={'Server': 'Cowboy', 'Connection': 'keep-alive', 'X-Powered-By': 'Express', 'Access-Control-Allow-Origin': '*', 'Content-Type': 'application/json; charset=utf-8', 'Content-Length': '145', 'Etag': 'W/"91-9eSyRIjzla9Z9mhwR7tCo0elLHc"', 'Date': 'Fri, 03 Jun 2022 01:33:06 GMT', 'Via': '1.1 vegur'} 
 body={"_id":"629964d262afee001688295d","name":"Logan","age":100,"aliases":"Wolverine","team":"X-Men","active":true,"owner":"6140079596b3b20016b70379"} 
 </msg>
<msg timestamp="20220602 22:33:07.087" level="INFO">${response} = &lt;Response [200]&gt;</msg>
<status status="PASS" starttime="20220602 22:33:06.646" endtime="20220602 22:33:07.088"/>
</kw>
<msg timestamp="20220602 22:33:07.090" level="INFO">${logan} = &lt;Response [200]&gt;</msg>
<status status="PASS" starttime="20220602 22:33:06.645" endtime="20220602 22:33:07.090"/>
</kw>
<kw name="Set Variable" library="BuiltIn">
<var>${logan_id}</var>
<arg>${logan.json()}[_id]</arg>
<doc>Returns the given values which can then be assigned to a variables.</doc>
<msg timestamp="20220602 22:33:07.094" level="INFO">${logan_id} = 629964d262afee001688295d</msg>
<status status="PASS" starttime="20220602 22:33:07.091" endtime="20220602 22:33:07.094"/>
</kw>
<kw name="GET Character By Id" library="characters">
<var>${response}</var>
<arg>${logan_id}</arg>
<kw name="GET" library="RequestsLibrary">
<var>${response}</var>
<arg>${BASE_URL}/characters/${character_id}</arg>
<arg>headers=${HEADERS}</arg>
<arg>expected_status=any</arg>
<doc>Sends a GET request.</doc>
<msg timestamp="20220602 22:33:07.598" level="INFO">GET Request : url=http://marvel.qaninja.academy/characters/629964d262afee001688295d 
 path_url=/characters/629964d262afee001688295d 
 headers={'User-Agent': 'python-requests/2.22.0', 'Accept-Encoding': 'gzip, deflate', 'Accept': '*/*', 'Connection': 'keep-alive', 'client_key': '6140079596b3b20016b70379'} 
 body=None 
 </msg>
<msg timestamp="20220602 22:33:07.599" level="INFO">GET Response : url=http://marvel.qaninja.academy/characters/629964d262afee001688295d 
 status=200, reason=OK 
 headers={'Server': 'Cowboy', 'Connection': 'keep-alive', 'X-Powered-By': 'Express', 'Access-Control-Allow-Origin': '*', 'Content-Type': 'application/json; charset=utf-8', 'Content-Length': '145', 'Etag': 'W/"91-9eSyRIjzla9Z9mhwR7tCo0elLHc"', 'Date': 'Fri, 03 Jun 2022 01:33:07 GMT', 'Via': '1.1 vegur'} 
 body={"_id":"629964d262afee001688295d","name":"Logan","age":100,"aliases":"Wolverine","team":"X-Men","active":true,"owner":"6140079596b3b20016b70379"} 
 </msg>
<msg timestamp="20220602 22:33:07.599" level="INFO">${response} = &lt;Response [200]&gt;</msg>
<status status="PASS" starttime="20220602 22:33:07.098" endtime="20220602 22:33:07.599"/>
</kw>
<msg timestamp="20220602 22:33:07.601" level="INFO">${response} = &lt;Response [200]&gt;</msg>
<status status="PASS" starttime="20220602 22:33:07.096" endtime="20220602 22:33:07.601"/>
</kw>
<kw name="Status Should Be" library="RequestsLibrary">
<arg>200</arg>
<arg>${response}</arg>
<doc>Fails if response status code is different than the expected.</doc>
<status status="PASS" starttime="20220602 22:33:07.603" endtime="20220602 22:33:07.604"/>
</kw>
<kw name="Should Be Equal" library="BuiltIn">
<arg>${logan.json()}[name]</arg>
<arg>${personagem}[name]</arg>
<doc>Fails if the given objects are unequal.</doc>
<status status="PASS" starttime="20220602 22:33:07.605" endtime="20220602 22:33:07.608"/>
</kw>
<kw name="Should Be Equal" library="BuiltIn">
<arg>${logan.json()}[aliases]</arg>
<arg>${personagem}[aliases]</arg>
<doc>Fails if the given objects are unequal.</doc>
<status status="PASS" starttime="20220602 22:33:07.609" endtime="20220602 22:33:07.611"/>
</kw>
<kw name="Should Be Equal" library="BuiltIn">
<arg>${logan.json()}[age]</arg>
<arg>${personagem}[age]</arg>
<doc>Fails if the given objects are unequal.</doc>
<status status="PASS" starttime="20220602 22:33:07.612" endtime="20220602 22:33:07.614"/>
</kw>
<kw name="Should Be Equal" library="BuiltIn">
<arg>${logan.json()}[team]</arg>
<arg>${personagem}[team]</arg>
<doc>Fails if the given objects are unequal.</doc>
<status status="PASS" starttime="20220602 22:33:07.614" endtime="20220602 22:33:07.617"/>
</kw>
<kw name="Should Be Equal" library="BuiltIn">
<arg>${logan.json()}[active]</arg>
<arg>${personagem}[active]</arg>
<doc>Fails if the given objects are unequal.</doc>
<status status="PASS" starttime="20220602 22:33:07.617" endtime="20220602 22:33:07.619"/>
</kw>
<status status="PASS" starttime="20220602 22:33:06.640" endtime="20220602 22:33:07.620"/>
</test>
<test id="s1-s3-t2" name="Não deve retornar o personagem pelo Id">
<kw name="Get Unique Id" library="helpers">
<var>${personagem_id}</var>
<msg timestamp="20220602 22:33:07.628" level="INFO">${personagem_id} = 629964d3e65dde39bc2fd5a1</msg>
<status status="PASS" starttime="20220602 22:33:07.627" endtime="20220602 22:33:07.628"/>
</kw>
<kw name="GET Character By Id" library="characters">
<var>${response}</var>
<arg>${personagem_id}</arg>
<kw name="GET" library="RequestsLibrary">
<var>${response}</var>
<arg>${BASE_URL}/characters/${character_id}</arg>
<arg>headers=${HEADERS}</arg>
<arg>expected_status=any</arg>
<doc>Sends a GET request.</doc>
<msg timestamp="20220602 22:33:08.009" level="INFO">GET Request : url=http://marvel.qaninja.academy/characters/629964d3e65dde39bc2fd5a1 
 path_url=/characters/629964d3e65dde39bc2fd5a1 
 headers={'User-Agent': 'python-requests/2.22.0', 'Accept-Encoding': 'gzip, deflate', 'Accept': '*/*', 'Connection': 'keep-alive', 'client_key': '6140079596b3b20016b70379'} 
 body=None 
 </msg>
<msg timestamp="20220602 22:33:08.009" level="INFO">GET Response : url=http://marvel.qaninja.academy/characters/629964d3e65dde39bc2fd5a1 
 status=404, reason=Not Found 
 headers={'Server': 'Cowboy', 'Connection': 'keep-alive', 'X-Powered-By': 'Express', 'Access-Control-Allow-Origin': '*', 'Date': 'Fri, 03 Jun 2022 01:33:07 GMT', 'Content-Length': '0', 'Via': '1.1 vegur'} 
 body=None 
 </msg>
<msg timestamp="20220602 22:33:08.009" level="INFO">${response} = &lt;Response [404]&gt;</msg>
<status status="PASS" starttime="20220602 22:33:07.631" endtime="20220602 22:33:08.010"/>
</kw>
<msg timestamp="20220602 22:33:08.012" level="INFO">${response} = &lt;Response [404]&gt;</msg>
<status status="PASS" starttime="20220602 22:33:07.629" endtime="20220602 22:33:08.012"/>
</kw>
<kw name="Status Should Be" library="RequestsLibrary">
<arg>404</arg>
<arg>${response}</arg>
<doc>Fails if response status code is different than the expected.</doc>
<status status="PASS" starttime="20220602 22:33:08.013" endtime="20220602 22:33:08.014"/>
</kw>
<status status="PASS" starttime="20220602 22:33:07.625" endtime="20220602 22:33:08.016"/>
</test>
<doc>Suite de Teste de busca de personagens na API da Marvel</doc>
<status status="PASS" starttime="20220602 22:33:05.984" endtime="20220602 22:33:08.023"/>
</suite>
<status status="PASS" starttime="20220602 22:33:01.807" endtime="20220602 22:33:08.032"/>
</suite>
<statistics>
<total>
<stat pass="6" fail="0" skip="0">All Tests</stat>
</total>
<tag>
</tag>
<suite>
<stat pass="6" fail="0" skip="0" id="s1" name="Specs">Specs</stat>
<stat pass="2" fail="0" skip="0" id="s1-s1" name="CreateCharacters">Specs.CreateCharacters</stat>
<stat pass="2" fail="0" skip="0" id="s1-s2" name="RemoveCharacters">Specs.RemoveCharacters</stat>
<stat pass="2" fail="0" skip="0" id="s1-s3" name="SearchCharacters">Specs.SearchCharacters</stat>
</suite>
</statistics>
<errors>
</errors>
</robot>
